{"C:\\Users\\alaae\\OneDrive\\Desktop\\sonar cloud tester\\sonar-cloud-testing\\features\\businessAccount.js":{"path":"C:\\Users\\alaae\\OneDrive\\Desktop\\sonar cloud tester\\sonar-cloud-testing\\features\\businessAccount.js","statementMap":{"0":{"start":{"line":1,"column":30},"end":{"line":1,"column":59}},"1":{"start":{"line":2,"column":15},"end":{"line":2,"column":32}},"2":{"start":{"line":3,"column":25},"end":{"line":3,"column":64}},"3":{"start":{"line":4,"column":11},"end":{"line":4,"column":45}},"4":{"start":{"line":5,"column":15},"end":{"line":5,"column":37}},"5":{"start":{"line":6,"column":0},"end":{"line":6,"column":10}},"6":{"start":{"line":8,"column":0},"end":{"line":11,"column":3}},"7":{"start":{"line":9,"column":2},"end":{"line":9,"column":22}},"8":{"start":{"line":10,"column":2},"end":{"line":10,"column":27}},"9":{"start":{"line":13,"column":0},"end":{"line":16,"column":3}},"10":{"start":{"line":14,"column":2},"end":{"line":14,"column":23}},"11":{"start":{"line":15,"column":2},"end":{"line":15,"column":46}},"12":{"start":{"line":18,"column":0},"end":{"line":20,"column":3}},"13":{"start":{"line":19,"column":2},"end":{"line":19,"column":29}},"14":{"start":{"line":22,"column":0},"end":{"line":24,"column":3}},"15":{"start":{"line":23,"column":2},"end":{"line":23,"column":27}},"16":{"start":{"line":26,"column":0},"end":{"line":28,"column":3}},"17":{"start":{"line":27,"column":2},"end":{"line":27,"column":36}},"18":{"start":{"line":30,"column":0},"end":{"line":35,"column":2}},"19":{"start":{"line":33,"column":4},"end":{"line":33,"column":37}},"20":{"start":{"line":36,"column":0},"end":{"line":43,"column":2}},"21":{"start":{"line":39,"column":4},"end":{"line":39,"column":25}},"22":{"start":{"line":40,"column":4},"end":{"line":40,"column":48}},"23":{"start":{"line":44,"column":0},"end":{"line":46,"column":3}},"24":{"start":{"line":45,"column":2},"end":{"line":45,"column":22}},"25":{"start":{"line":48,"column":0},"end":{"line":53,"column":2}},"26":{"start":{"line":51,"column":4},"end":{"line":51,"column":40}}},"fnMap":{"0":{"name":"(anonymous_0)","decl":{"start":{"line":8,"column":46},"end":{"line":8,"column":47}},"loc":{"start":{"line":8,"column":58},"end":{"line":11,"column":1}},"line":8},"1":{"name":"(anonymous_1)","decl":{"start":{"line":13,"column":57},"end":{"line":13,"column":58}},"loc":{"start":{"line":13,"column":75},"end":{"line":16,"column":1}},"line":13},"2":{"name":"(anonymous_2)","decl":{"start":{"line":18,"column":56},"end":{"line":18,"column":57}},"loc":{"start":{"line":18,"column":68},"end":{"line":20,"column":1}},"line":18},"3":{"name":"(anonymous_3)","decl":{"start":{"line":22,"column":32},"end":{"line":22,"column":33}},"loc":{"start":{"line":22,"column":44},"end":{"line":24,"column":1}},"line":22},"4":{"name":"(anonymous_4)","decl":{"start":{"line":26,"column":56},"end":{"line":26,"column":57}},"loc":{"start":{"line":26,"column":68},"end":{"line":28,"column":1}},"line":26},"5":{"name":"(anonymous_5)","decl":{"start":{"line":32,"column":2},"end":{"line":32,"column":3}},"loc":{"start":{"line":32,"column":17},"end":{"line":34,"column":3}},"line":32},"6":{"name":"(anonymous_6)","decl":{"start":{"line":38,"column":2},"end":{"line":38,"column":3}},"loc":{"start":{"line":38,"column":20},"end":{"line":42,"column":3}},"line":38},"7":{"name":"(anonymous_7)","decl":{"start":{"line":44,"column":44},"end":{"line":44,"column":45}},"loc":{"start":{"line":44,"column":56},"end":{"line":46,"column":1}},"line":44},"8":{"name":"(anonymous_8)","decl":{"start":{"line":50,"column":2},"end":{"line":50,"column":3}},"loc":{"start":{"line":50,"column":20},"end":{"line":52,"column":3}},"line":50}},"branchMap":{},"s":{"0":1,"1":1,"2":1,"3":1,"4":1,"5":1,"6":1,"7":7,"8":7,"9":1,"10":3,"11":3,"12":1,"13":1,"14":1,"15":1,"16":1,"17":1,"18":1,"19":2,"20":1,"21":1,"22":1,"23":1,"24":3,"25":1,"26":1},"f":{"0":7,"1":3,"2":1,"3":1,"4":1,"5":2,"6":1,"7":3,"8":1},"b":{},"_coverageSchema":"1a1c01bbd47fc00a2c39e90264f33305004495a9","hash":"daeae8de87601246e9f7a796f413b5be76d6f0ec","contentHash":"583f284c189aa4912e4320d3fe5be9a4900c3c25d1176d89474f40f570613bba"},"C:\\Users\\alaae\\OneDrive\\Desktop\\sonar cloud tester\\sonar-cloud-testing\\JS-Files\\businessAccountP.js":{"path":"C:\\Users\\alaae\\OneDrive\\Desktop\\sonar cloud tester\\sonar-cloud-testing\\JS-Files\\businessAccountP.js","statementMap":{"0":{"start":{"line":1,"column":21},"end":{"line":1,"column":45}},"1":{"start":{"line":2,"column":11},"end":{"line":2,"column":38}},"2":{"start":{"line":3,"column":13},"end":{"line":3,"column":33}},"3":{"start":{"line":4,"column":19},"end":{"line":4,"column":42}},"4":{"start":{"line":5,"column":18},"end":{"line":5,"column":36}},"5":{"start":{"line":6,"column":23},"end":{"line":6,"column":50}},"6":{"start":{"line":8,"column":21},"end":{"line":8,"column":41}},"7":{"start":{"line":11,"column":16},"end":{"line":11,"column":21}},"8":{"start":{"line":12,"column":13},"end":{"line":12,"column":18}},"9":{"start":{"line":13,"column":13},"end":{"line":13,"column":14}},"10":{"start":{"line":16,"column":4},"end":{"line":16,"column":29}},"11":{"start":{"line":17,"column":4},"end":{"line":17,"column":26}},"12":{"start":{"line":21,"column":4},"end":{"line":33,"column":7}},"13":{"start":{"line":22,"column":6},"end":{"line":32,"column":7}},"14":{"start":{"line":23,"column":8},"end":{"line":31,"column":10}},"15":{"start":{"line":36,"column":4},"end":{"line":36,"column":28}},"16":{"start":{"line":37,"column":4},"end":{"line":37,"column":23}},"17":{"start":{"line":40,"column":4},"end":{"line":40,"column":31}},"18":{"start":{"line":43,"column":4},"end":{"line":43,"column":25}},"19":{"start":{"line":44,"column":4},"end":{"line":44,"column":22}},"20":{"start":{"line":48,"column":4},"end":{"line":54,"column":11}},"21":{"start":{"line":58,"column":4},"end":{"line":73,"column":5}},"22":{"start":{"line":60,"column":8},"end":{"line":60,"column":31}},"23":{"start":{"line":61,"column":8},"end":{"line":61,"column":14}},"24":{"start":{"line":63,"column":8},"end":{"line":63,"column":29}},"25":{"start":{"line":64,"column":8},"end":{"line":64,"column":14}},"26":{"start":{"line":66,"column":8},"end":{"line":66,"column":38}},"27":{"start":{"line":67,"column":8},"end":{"line":67,"column":14}},"28":{"start":{"line":69,"column":8},"end":{"line":69,"column":25}},"29":{"start":{"line":70,"column":8},"end":{"line":70,"column":14}},"30":{"start":{"line":72,"column":8},"end":{"line":72,"column":42}},"31":{"start":{"line":75,"column":17},"end":{"line":80,"column":3}},"32":{"start":{"line":82,"column":19},"end":{"line":82,"column":63}},"33":{"start":{"line":83,"column":4},"end":{"line":83,"column":56}},"34":{"start":{"line":83,"column":20},"end":{"line":83,"column":56}},"35":{"start":{"line":84,"column":4},"end":{"line":84,"column":25}},"36":{"start":{"line":88,"column":0},"end":{"line":88,"column":34}}},"fnMap":{"0":{"name":"(anonymous_0)","decl":{"start":{"line":15,"column":2},"end":{"line":15,"column":3}},"loc":{"start":{"line":15,"column":9},"end":{"line":18,"column":3}},"line":15},"1":{"name":"(anonymous_1)","decl":{"start":{"line":20,"column":2},"end":{"line":20,"column":3}},"loc":{"start":{"line":20,"column":20},"end":{"line":34,"column":3}},"line":20},"2":{"name":"(anonymous_2)","decl":{"start":{"line":21,"column":30},"end":{"line":21,"column":31}},"loc":{"start":{"line":21,"column":46},"end":{"line":33,"column":5}},"line":21},"3":{"name":"(anonymous_3)","decl":{"start":{"line":35,"column":2},"end":{"line":35,"column":3}},"loc":{"start":{"line":35,"column":18},"end":{"line":38,"column":3}},"line":35},"4":{"name":"(anonymous_4)","decl":{"start":{"line":39,"column":2},"end":{"line":39,"column":3}},"loc":{"start":{"line":39,"column":27},"end":{"line":41,"column":3}},"line":39},"5":{"name":"(anonymous_5)","decl":{"start":{"line":42,"column":2},"end":{"line":42,"column":3}},"loc":{"start":{"line":42,"column":14},"end":{"line":45,"column":3}},"line":42},"6":{"name":"(anonymous_6)","decl":{"start":{"line":47,"column":2},"end":{"line":47,"column":3}},"loc":{"start":{"line":47,"column":14},"end":{"line":55,"column":3}},"line":47},"7":{"name":"(anonymous_7)","decl":{"start":{"line":57,"column":2},"end":{"line":57,"column":3}},"loc":{"start":{"line":57,"column":14},"end":{"line":74,"column":3}},"line":57},"8":{"name":"(anonymous_8)","decl":{"start":{"line":81,"column":2},"end":{"line":81,"column":3}},"loc":{"start":{"line":81,"column":15},"end":{"line":85,"column":3}},"line":81}},"branchMap":{"0":{"loc":{"start":{"line":22,"column":6},"end":{"line":32,"column":7}},"type":"if","locations":[{"start":{"line":22,"column":6},"end":{"line":32,"column":7}},{"start":{"line":22,"column":6},"end":{"line":32,"column":7}}],"line":22},"1":{"loc":{"start":{"line":58,"column":4},"end":{"line":73,"column":5}},"type":"switch","locations":[{"start":{"line":59,"column":6},"end":{"line":61,"column":14}},{"start":{"line":62,"column":6},"end":{"line":64,"column":14}},{"start":{"line":65,"column":6},"end":{"line":67,"column":14}},{"start":{"line":68,"column":6},"end":{"line":70,"column":14}},{"start":{"line":71,"column":6},"end":{"line":72,"column":42}}],"line":58},"2":{"loc":{"start":{"line":83,"column":4},"end":{"line":83,"column":56}},"type":"if","locations":[{"start":{"line":83,"column":4},"end":{"line":83,"column":56}},{"start":{"line":83,"column":4},"end":{"line":83,"column":56}}],"line":83}},"s":{"0":1,"1":1,"2":1,"3":1,"4":1,"5":1,"6":1,"7":1,"8":1,"9":1,"10":0,"11":0,"12":1,"13":6,"14":6,"15":1,"16":1,"17":1,"18":0,"19":0,"20":4,"21":0,"22":0,"23":0,"24":0,"25":0,"26":0,"27":0,"28":0,"29":0,"30":0,"31":1,"32":0,"33":0,"34":0,"35":0,"36":1},"f":{"0":0,"1":1,"2":6,"3":1,"4":1,"5":0,"6":4,"7":0,"8":0},"b":{"0":[6,0],"1":[0,0,0,0,0],"2":[0,0]},"_coverageSchema":"1a1c01bbd47fc00a2c39e90264f33305004495a9","hash":"987399275718d40e266089286fccd1d6585921d5","contentHash":"bf4714c2eb46816c92e71a9bd011fc034a077440878826f9bccae96a52c6edee"},"C:\\Users\\alaae\\OneDrive\\Desktop\\sonar cloud tester\\sonar-cloud-testing\\JS-Files\\ourDataBase.js":{"path":"C:\\Users\\alaae\\OneDrive\\Desktop\\sonar cloud tester\\sonar-cloud-testing\\JS-Files\\ourDataBase.js","statementMap":{"0":{"start":{"line":1,"column":9},"end":{"line":1,"column":22}},"1":{"start":{"line":4,"column":15},"end":{"line":7,"column":2}},"2":{"start":{"line":8,"column":16},"end":{"line":11,"column":2}},"3":{"start":{"line":12,"column":16},"end":{"line":15,"column":2}},"4":{"start":{"line":17,"column":18},"end":{"line":25,"column":2}},"5":{"start":{"line":27,"column":23},"end":{"line":29,"column":2}},"6":{"start":{"line":37,"column":23},"end":{"line":37,"column":28}},"7":{"start":{"line":38,"column":23},"end":{"line":38,"column":28}},"8":{"start":{"line":39,"column":23},"end":{"line":39,"column":28}},"9":{"start":{"line":40,"column":20},"end":{"line":40,"column":25}},"10":{"start":{"line":42,"column":8},"end":{"line":42,"column":27}},"11":{"start":{"line":45,"column":8},"end":{"line":80,"column":9}},"12":{"start":{"line":47,"column":12},"end":{"line":47,"column":41}},"13":{"start":{"line":48,"column":12},"end":{"line":48,"column":42}},"14":{"start":{"line":49,"column":12},"end":{"line":49,"column":42}},"15":{"start":{"line":50,"column":12},"end":{"line":50,"column":48}},"16":{"start":{"line":51,"column":12},"end":{"line":51,"column":53}},"17":{"start":{"line":54,"column":21},"end":{"line":54,"column":41}},"18":{"start":{"line":55,"column":12},"end":{"line":55,"column":34}},"19":{"start":{"line":56,"column":12},"end":{"line":58,"column":13}},"20":{"start":{"line":57,"column":16},"end":{"line":57,"column":146}},"21":{"start":{"line":59,"column":22},"end":{"line":59,"column":43}},"22":{"start":{"line":60,"column":12},"end":{"line":61,"column":152}},"23":{"start":{"line":61,"column":16},"end":{"line":61,"column":152}},"24":{"start":{"line":62,"column":12},"end":{"line":62,"column":34}},"25":{"start":{"line":63,"column":22},"end":{"line":63,"column":43}},"26":{"start":{"line":64,"column":12},"end":{"line":64,"column":34}},"27":{"start":{"line":65,"column":12},"end":{"line":67,"column":13}},"28":{"start":{"line":66,"column":16},"end":{"line":66,"column":184}},"29":{"start":{"line":68,"column":29},"end":{"line":68,"column":52}},"30":{"start":{"line":69,"column":12},"end":{"line":73,"column":13}},"31":{"start":{"line":70,"column":16},"end":{"line":72,"column":101}},"32":{"start":{"line":75,"column":26},"end":{"line":75,"column":54}},"33":{"start":{"line":76,"column":12},"end":{"line":77,"column":156}},"34":{"start":{"line":77,"column":16},"end":{"line":77,"column":156}},"35":{"start":{"line":79,"column":12},"end":{"line":79,"column":60}},"36":{"start":{"line":85,"column":8},"end":{"line":86,"column":19}},"37":{"start":{"line":86,"column":12},"end":{"line":86,"column":19}},"38":{"start":{"line":87,"column":14},"end":{"line":92,"column":10}},"39":{"start":{"line":93,"column":8},"end":{"line":93,"column":64}},"40":{"start":{"line":100,"column":15},"end":{"line":108,"column":17}},"41":{"start":{"line":110,"column":13},"end":{"line":110,"column":43}},"42":{"start":{"line":115,"column":8},"end":{"line":116,"column":18}},"43":{"start":{"line":116,"column":12},"end":{"line":116,"column":18}},"44":{"start":{"line":118,"column":15},"end":{"line":125,"column":41}},"45":{"start":{"line":127,"column":8},"end":{"line":127,"column":45}},"46":{"start":{"line":133,"column":8},"end":{"line":134,"column":41}},"47":{"start":{"line":134,"column":12},"end":{"line":134,"column":41}},"48":{"start":{"line":136,"column":15},"end":{"line":145,"column":39}},"49":{"start":{"line":147,"column":13},"end":{"line":147,"column":43}},"50":{"start":{"line":152,"column":8},"end":{"line":153,"column":50}},"51":{"start":{"line":153,"column":12},"end":{"line":153,"column":50}},"52":{"start":{"line":155,"column":15},"end":{"line":160,"column":9}},"53":{"start":{"line":162,"column":8},"end":{"line":162,"column":50}},"54":{"start":{"line":167,"column":4},"end":{"line":168,"column":15}},"55":{"start":{"line":168,"column":8},"end":{"line":168,"column":15}},"56":{"start":{"line":169,"column":22},"end":{"line":169,"column":61}},"57":{"start":{"line":170,"column":12},"end":{"line":171,"column":23}},"58":{"start":{"line":171,"column":16},"end":{"line":171,"column":23}},"59":{"start":{"line":172,"column":34},"end":{"line":172,"column":80}},"60":{"start":{"line":173,"column":34},"end":{"line":173,"column":87}},"61":{"start":{"line":174,"column":30},"end":{"line":174,"column":71}},"62":{"start":{"line":175,"column":16},"end":{"line":175,"column":90}},"63":{"start":{"line":177,"column":8},"end":{"line":177,"column":33}},"64":{"start":{"line":178,"column":12},"end":{"line":178,"column":74}},"65":{"start":{"line":179,"column":8},"end":{"line":179,"column":34}},"66":{"start":{"line":184,"column":4},"end":{"line":198,"column":9}},"67":{"start":{"line":185,"column":18},"end":{"line":185,"column":46}},"68":{"start":{"line":186,"column":12},"end":{"line":187,"column":19}},"69":{"start":{"line":187,"column":12},"end":{"line":187,"column":19}},"70":{"start":{"line":189,"column":27},"end":{"line":189,"column":77}},"71":{"start":{"line":190,"column":26},"end":{"line":190,"column":83}},"72":{"start":{"line":191,"column":27},"end":{"line":191,"column":90}},"73":{"start":{"line":192,"column":26},"end":{"line":192,"column":83}},"74":{"start":{"line":193,"column":27},"end":{"line":193,"column":88}},"75":{"start":{"line":194,"column":33},"end":{"line":194,"column":118}},"76":{"start":{"line":195,"column":27},"end":{"line":195,"column":87}},"77":{"start":{"line":196,"column":26},"end":{"line":196,"column":82}},"78":{"start":{"line":197,"column":12},"end":{"line":197,"column":118}},"79":{"start":{"line":201,"column":4},"end":{"line":213,"column":5}},"80":{"start":{"line":202,"column":18},"end":{"line":202,"column":46}},"81":{"start":{"line":203,"column":8},"end":{"line":205,"column":9}},"82":{"start":{"line":204,"column":12},"end":{"line":204,"column":19}},"83":{"start":{"line":206,"column":24},"end":{"line":206,"column":30}},"84":{"start":{"line":207,"column":26},"end":{"line":207,"column":60}},"85":{"start":{"line":208,"column":30},"end":{"line":208,"column":83}},"86":{"start":{"line":209,"column":29},"end":{"line":209,"column":79}},"87":{"start":{"line":210,"column":27},"end":{"line":210,"column":71}},"88":{"start":{"line":211,"column":31},"end":{"line":211,"column":98}},"89":{"start":{"line":212,"column":8},"end":{"line":212,"column":96}},"90":{"start":{"line":218,"column":0},"end":{"line":218,"column":27}}},"fnMap":{"0":{"name":"(anonymous_0)","decl":{"start":{"line":41,"column":4},"end":{"line":41,"column":5}},"loc":{"start":{"line":41,"column":17},"end":{"line":43,"column":5}},"line":41},"1":{"name":"(anonymous_1)","decl":{"start":{"line":44,"column":4},"end":{"line":44,"column":5}},"loc":{"start":{"line":44,"column":18},"end":{"line":81,"column":5}},"line":44},"2":{"name":"(anonymous_2)","decl":{"start":{"line":83,"column":5},"end":{"line":83,"column":6}},"loc":{"start":{"line":83,"column":53},"end":{"line":95,"column":5}},"line":83},"3":{"name":"(anonymous_3)","decl":{"start":{"line":98,"column":4},"end":{"line":98,"column":5}},"loc":{"start":{"line":98,"column":68},"end":{"line":112,"column":5}},"line":98},"4":{"name":"(anonymous_4)","decl":{"start":{"line":113,"column":4},"end":{"line":113,"column":5}},"loc":{"start":{"line":113,"column":79},"end":{"line":130,"column":5}},"line":113},"5":{"name":"(anonymous_5)","decl":{"start":{"line":131,"column":4},"end":{"line":131,"column":5}},"loc":{"start":{"line":131,"column":78},"end":{"line":150,"column":5}},"line":131},"6":{"name":"(anonymous_6)","decl":{"start":{"line":151,"column":4},"end":{"line":151,"column":5}},"loc":{"start":{"line":151,"column":70},"end":{"line":164,"column":5}},"line":151},"7":{"name":"(anonymous_7)","decl":{"start":{"line":165,"column":3},"end":{"line":165,"column":4}},"loc":{"start":{"line":165,"column":51},"end":{"line":181,"column":5}},"line":165},"8":{"name":"(anonymous_8)","decl":{"start":{"line":182,"column":3},"end":{"line":182,"column":4}},"loc":{"start":{"line":182,"column":78},"end":{"line":199,"column":5}},"line":182},"9":{"name":"(anonymous_9)","decl":{"start":{"line":200,"column":3},"end":{"line":200,"column":4}},"loc":{"start":{"line":200,"column":65},"end":{"line":213,"column":6}},"line":200}},"branchMap":{"0":{"loc":{"start":{"line":85,"column":8},"end":{"line":86,"column":19}},"type":"if","locations":[{"start":{"line":85,"column":8},"end":{"line":86,"column":19}},{"start":{"line":85,"column":8},"end":{"line":86,"column":19}}],"line":85},"1":{"loc":{"start":{"line":85,"column":11},"end":{"line":85,"column":100}},"type":"binary-expr","locations":[{"start":{"line":85,"column":11},"end":{"line":85,"column":76}},{"start":{"line":85,"column":79},"end":{"line":85,"column":100}}],"line":85},"2":{"loc":{"start":{"line":115,"column":8},"end":{"line":116,"column":18}},"type":"if","locations":[{"start":{"line":115,"column":8},"end":{"line":116,"column":18}},{"start":{"line":115,"column":8},"end":{"line":116,"column":18}}],"line":115},"3":{"loc":{"start":{"line":133,"column":8},"end":{"line":134,"column":41}},"type":"if","locations":[{"start":{"line":133,"column":8},"end":{"line":134,"column":41}},{"start":{"line":133,"column":8},"end":{"line":134,"column":41}}],"line":133},"4":{"loc":{"start":{"line":152,"column":8},"end":{"line":153,"column":50}},"type":"if","locations":[{"start":{"line":152,"column":8},"end":{"line":153,"column":50}},{"start":{"line":152,"column":8},"end":{"line":153,"column":50}}],"line":152},"5":{"loc":{"start":{"line":167,"column":4},"end":{"line":168,"column":15}},"type":"if","locations":[{"start":{"line":167,"column":4},"end":{"line":168,"column":15}},{"start":{"line":167,"column":4},"end":{"line":168,"column":15}}],"line":167},"6":{"loc":{"start":{"line":170,"column":12},"end":{"line":171,"column":23}},"type":"if","locations":[{"start":{"line":170,"column":12},"end":{"line":171,"column":23}},{"start":{"line":170,"column":12},"end":{"line":171,"column":23}}],"line":170},"7":{"loc":{"start":{"line":172,"column":34},"end":{"line":172,"column":80}},"type":"cond-expr","locations":[{"start":{"line":172,"column":58},"end":{"line":172,"column":66}},{"start":{"line":172,"column":68},"end":{"line":172,"column":80}}],"line":172},"8":{"loc":{"start":{"line":173,"column":34},"end":{"line":173,"column":87}},"type":"cond-expr","locations":[{"start":{"line":173,"column":58},"end":{"line":173,"column":73}},{"start":{"line":173,"column":75},"end":{"line":173,"column":87}}],"line":173},"9":{"loc":{"start":{"line":174,"column":30},"end":{"line":174,"column":71}},"type":"cond-expr","locations":[{"start":{"line":174,"column":50},"end":{"line":174,"column":61}},{"start":{"line":174,"column":63},"end":{"line":174,"column":71}}],"line":174},"10":{"loc":{"start":{"line":184,"column":4},"end":{"line":198,"column":9}},"type":"if","locations":[{"start":{"line":184,"column":4},"end":{"line":198,"column":9}},{"start":{"line":184,"column":4},"end":{"line":198,"column":9}}],"line":184},"11":{"loc":{"start":{"line":186,"column":12},"end":{"line":187,"column":19}},"type":"if","locations":[{"start":{"line":186,"column":12},"end":{"line":187,"column":19}},{"start":{"line":186,"column":12},"end":{"line":187,"column":19}}],"line":186},"12":{"loc":{"start":{"line":189,"column":27},"end":{"line":189,"column":77}},"type":"cond-expr","locations":[{"start":{"line":189,"column":63},"end":{"line":189,"column":67}},{"start":{"line":189,"column":69},"end":{"line":189,"column":77}}],"line":189},"13":{"loc":{"start":{"line":189,"column":28},"end":{"line":189,"column":59}},"type":"binary-expr","locations":[{"start":{"line":189,"column":28},"end":{"line":189,"column":45}},{"start":{"line":189,"column":49},"end":{"line":189,"column":59}}],"line":189},"14":{"loc":{"start":{"line":190,"column":26},"end":{"line":190,"column":83}},"type":"cond-expr","locations":[{"start":{"line":190,"column":62},"end":{"line":190,"column":73}},{"start":{"line":190,"column":75},"end":{"line":190,"column":83}}],"line":190},"15":{"loc":{"start":{"line":190,"column":27},"end":{"line":190,"column":58}},"type":"binary-expr","locations":[{"start":{"line":190,"column":27},"end":{"line":190,"column":44}},{"start":{"line":190,"column":48},"end":{"line":190,"column":58}}],"line":190},"16":{"loc":{"start":{"line":191,"column":27},"end":{"line":191,"column":90}},"type":"cond-expr","locations":[{"start":{"line":191,"column":65},"end":{"line":191,"column":77}},{"start":{"line":191,"column":79},"end":{"line":191,"column":90}}],"line":191},"17":{"loc":{"start":{"line":191,"column":28},"end":{"line":191,"column":61}},"type":"binary-expr","locations":[{"start":{"line":191,"column":28},"end":{"line":191,"column":46}},{"start":{"line":191,"column":50},"end":{"line":191,"column":61}}],"line":191},"18":{"loc":{"start":{"line":192,"column":26},"end":{"line":192,"column":83}},"type":"cond-expr","locations":[{"start":{"line":192,"column":62},"end":{"line":192,"column":73}},{"start":{"line":192,"column":75},"end":{"line":192,"column":83}}],"line":192},"19":{"loc":{"start":{"line":192,"column":27},"end":{"line":192,"column":58}},"type":"binary-expr","locations":[{"start":{"line":192,"column":27},"end":{"line":192,"column":44}},{"start":{"line":192,"column":48},"end":{"line":192,"column":58}}],"line":192},"20":{"loc":{"start":{"line":193,"column":27},"end":{"line":193,"column":88}},"type":"cond-expr","locations":[{"start":{"line":193,"column":65},"end":{"line":193,"column":77}},{"start":{"line":193,"column":79},"end":{"line":193,"column":88}}],"line":193},"21":{"loc":{"start":{"line":193,"column":28},"end":{"line":193,"column":61}},"type":"binary-expr","locations":[{"start":{"line":193,"column":28},"end":{"line":193,"column":46}},{"start":{"line":193,"column":50},"end":{"line":193,"column":61}}],"line":193},"22":{"loc":{"start":{"line":194,"column":33},"end":{"line":194,"column":118}},"type":"cond-expr","locations":[{"start":{"line":194,"column":83},"end":{"line":194,"column":101}},{"start":{"line":194,"column":103},"end":{"line":194,"column":118}}],"line":194},"23":{"loc":{"start":{"line":194,"column":34},"end":{"line":194,"column":79}},"type":"binary-expr","locations":[{"start":{"line":194,"column":34},"end":{"line":194,"column":58}},{"start":{"line":194,"column":62},"end":{"line":194,"column":79}}],"line":194},"24":{"loc":{"start":{"line":195,"column":27},"end":{"line":195,"column":87}},"type":"cond-expr","locations":[{"start":{"line":195,"column":64},"end":{"line":195,"column":76}},{"start":{"line":195,"column":78},"end":{"line":195,"column":87}}],"line":195},"25":{"loc":{"start":{"line":195,"column":28},"end":{"line":195,"column":61}},"type":"binary-expr","locations":[{"start":{"line":195,"column":28},"end":{"line":195,"column":46}},{"start":{"line":195,"column":50},"end":{"line":195,"column":61}}],"line":195},"26":{"loc":{"start":{"line":196,"column":26},"end":{"line":196,"column":82}},"type":"cond-expr","locations":[{"start":{"line":196,"column":61},"end":{"line":196,"column":72}},{"start":{"line":196,"column":74},"end":{"line":196,"column":82}}],"line":196},"27":{"loc":{"start":{"line":196,"column":27},"end":{"line":196,"column":57}},"type":"binary-expr","locations":[{"start":{"line":196,"column":27},"end":{"line":196,"column":44}},{"start":{"line":196,"column":47},"end":{"line":196,"column":57}}],"line":196},"28":{"loc":{"start":{"line":201,"column":4},"end":{"line":213,"column":5}},"type":"if","locations":[{"start":{"line":201,"column":4},"end":{"line":213,"column":5}},{"start":{"line":201,"column":4},"end":{"line":213,"column":5}}],"line":201},"29":{"loc":{"start":{"line":203,"column":8},"end":{"line":205,"column":9}},"type":"if","locations":[{"start":{"line":203,"column":8},"end":{"line":205,"column":9}},{"start":{"line":203,"column":8},"end":{"line":205,"column":9}}],"line":203},"30":{"loc":{"start":{"line":207,"column":26},"end":{"line":207,"column":60}},"type":"cond-expr","locations":[{"start":{"line":207,"column":46},"end":{"line":207,"column":50}},{"start":{"line":207,"column":52},"end":{"line":207,"column":60}}],"line":207},"31":{"loc":{"start":{"line":208,"column":30},"end":{"line":208,"column":83}},"type":"cond-expr","locations":[{"start":{"line":208,"column":54},"end":{"line":208,"column":69}},{"start":{"line":208,"column":71},"end":{"line":208,"column":83}}],"line":208},"32":{"loc":{"start":{"line":209,"column":29},"end":{"line":209,"column":79}},"type":"cond-expr","locations":[{"start":{"line":209,"column":52},"end":{"line":209,"column":66}},{"start":{"line":209,"column":68},"end":{"line":209,"column":79}}],"line":209},"33":{"loc":{"start":{"line":210,"column":27},"end":{"line":210,"column":71}},"type":"cond-expr","locations":[{"start":{"line":210,"column":48},"end":{"line":210,"column":60}},{"start":{"line":210,"column":62},"end":{"line":210,"column":71}}],"line":210},"34":{"loc":{"start":{"line":211,"column":31},"end":{"line":211,"column":98}},"type":"cond-expr","locations":[{"start":{"line":211,"column":56},"end":{"line":211,"column":83}},{"start":{"line":211,"column":85},"end":{"line":211,"column":98}}],"line":211}},"s":{"0":1,"1":1,"2":1,"3":1,"4":1,"5":1,"6":1,"7":1,"8":1,"9":1,"10":0,"11":10,"12":10,"13":10,"14":10,"15":10,"16":10,"17":10,"18":10,"19":10,"20":20,"21":10,"22":10,"23":20,"24":10,"25":10,"26":10,"27":10,"28":20,"29":10,"30":10,"31":60,"32":10,"33":10,"34":10,"35":0,"36":12,"37":7,"38":5,"39":5,"40":23,"41":23,"42":62,"43":0,"44":62,"45":62,"46":23,"47":0,"48":23,"49":23,"50":11,"51":1,"52":11,"53":11,"54":0,"55":0,"56":0,"57":0,"58":0,"59":0,"60":0,"61":0,"62":0,"63":0,"64":0,"65":0,"66":2,"67":2,"68":2,"69":0,"70":2,"71":2,"72":2,"73":2,"74":2,"75":2,"76":2,"77":2,"78":2,"79":0,"80":0,"81":0,"82":0,"83":0,"84":0,"85":0,"86":0,"87":0,"88":0,"89":0,"90":1},"f":{"0":0,"1":10,"2":12,"3":23,"4":62,"5":23,"6":11,"7":0,"8":2,"9":0},"b":{"0":[7,5],"1":[12,7],"2":[0,62],"3":[0,23],"4":[1,10],"5":[0,0],"6":[0,0],"7":[0,0],"8":[0,0],"9":[0,0],"10":[2,0],"11":[0,2],"12":[2,0],"13":[2,2],"14":[1,1],"15":[2,2],"16":[2,0],"17":[2,2],"18":[1,1],"19":[2,1],"20":[2,0],"21":[2,2],"22":[2,0],"23":[2,2],"24":[2,0],"25":[2,2],"26":[2,0],"27":[2,2],"28":[0,0],"29":[0,0],"30":[0,0],"31":[0,0],"32":[0,0],"33":[0,0],"34":[0,0]},"_coverageSchema":"1a1c01bbd47fc00a2c39e90264f33305004495a9","hash":"12b2e48219ee1fb5bab218d79b8f4eb7ca4bd0e0","contentHash":"9abd247a69f6bad77628964e2404c329d2f072c05d3b9f1006ecaeec0d830767"},"C:\\Users\\alaae\\OneDrive\\Desktop\\sonar cloud tester\\sonar-cloud-testing\\JS-Files\\Page.js":{"path":"C:\\Users\\alaae\\OneDrive\\Desktop\\sonar cloud tester\\sonar-cloud-testing\\JS-Files\\Page.js","statementMap":{"0":{"start":{"line":2,"column":11},"end":{"line":2,"column":16}},"1":{"start":{"line":5,"column":4},"end":{"line":5,"column":20}},"2":{"start":{"line":9,"column":4},"end":{"line":9,"column":20}},"3":{"start":{"line":12,"column":4},"end":{"line":12,"column":23}},"4":{"start":{"line":15,"column":4},"end":{"line":15,"column":23}},"5":{"start":{"line":19,"column":0},"end":{"line":19,"column":22}}},"fnMap":{"0":{"name":"(anonymous_0)","decl":{"start":{"line":4,"column":2},"end":{"line":4,"column":3}},"loc":{"start":{"line":4,"column":16},"end":{"line":6,"column":3}},"line":4},"1":{"name":"(anonymous_1)","decl":{"start":{"line":8,"column":2},"end":{"line":8,"column":3}},"loc":{"start":{"line":8,"column":14},"end":{"line":10,"column":3}},"line":8},"2":{"name":"(anonymous_2)","decl":{"start":{"line":11,"column":2},"end":{"line":11,"column":3}},"loc":{"start":{"line":11,"column":13},"end":{"line":13,"column":3}},"line":11},"3":{"name":"(anonymous_3)","decl":{"start":{"line":14,"column":2},"end":{"line":14,"column":3}},"loc":{"start":{"line":14,"column":12},"end":{"line":16,"column":3}},"line":14}},"branchMap":{},"s":{"0":10,"1":10,"2":5,"3":183,"4":0,"5":1},"f":{"0":10,"1":5,"2":183,"3":0},"b":{},"_coverageSchema":"1a1c01bbd47fc00a2c39e90264f33305004495a9","hash":"2f8eaf3227af6daa5d41a3647e7b548e97bb910e","contentHash":"9bc6f5efd4a55014ca2f6308ed5b6a02349e0a087fb83a87e2a6bddacf6c783e"},"C:\\Users\\alaae\\OneDrive\\Desktop\\sonar cloud tester\\sonar-cloud-testing\\JS-Files\\SharedData.js":{"path":"C:\\Users\\alaae\\OneDrive\\Desktop\\sonar cloud tester\\sonar-cloud-testing\\JS-Files\\SharedData.js","statementMap":{"0":{"start":{"line":6,"column":26},"end":{"line":6,"column":31}},"1":{"start":{"line":9,"column":0},"end":{"line":9,"column":27}}},"fnMap":{},"branchMap":{},"s":{"0":1,"1":1},"f":{},"b":{},"_coverageSchema":"1a1c01bbd47fc00a2c39e90264f33305004495a9","hash":"fe7ddf57584c7de60abcaf6bea011955bc94ff89","contentHash":"654a85d581e8db1c5c0c49a3c2690b2161deb6a148e7ef872e2f642463ffa705"},"C:\\Users\\alaae\\OneDrive\\Desktop\\sonar cloud tester\\sonar-cloud-testing\\JS-Files\\venue.js":{"path":"C:\\Users\\alaae\\OneDrive\\Desktop\\sonar cloud tester\\sonar-cloud-testing\\JS-Files\\venue.js","statementMap":{"0":{"start":{"line":1,"column":11},"end":{"line":1,"column":45}},"1":{"start":{"line":2,"column":21},"end":{"line":2,"column":45}},"2":{"start":{"line":3,"column":15},"end":{"line":3,"column":33}},"3":{"start":{"line":4,"column":13},"end":{"line":4,"column":40}},"4":{"start":{"line":5,"column":18},"end":{"line":5,"column":53}},"5":{"start":{"line":6,"column":16},"end":{"line":6,"column":31}},"6":{"start":{"line":8,"column":0},"end":{"line":8,"column":10}},"7":{"start":{"line":10,"column":13},"end":{"line":10,"column":14}},"8":{"start":{"line":11,"column":13},"end":{"line":11,"column":14}},"9":{"start":{"line":12,"column":17},"end":{"line":18,"column":3}},"10":{"start":{"line":21,"column":4},"end":{"line":26,"column":36}},"11":{"start":{"line":29,"column":4},"end":{"line":29,"column":22}},"12":{"start":{"line":30,"column":4},"end":{"line":30,"column":22}},"13":{"start":{"line":33,"column":4},"end":{"line":33,"column":49}},"14":{"start":{"line":36,"column":4},"end":{"line":36,"column":80}},"15":{"start":{"line":39,"column":4},"end":{"line":46,"column":6}},"16":{"start":{"line":50,"column":4},"end":{"line":105,"column":5}},"17":{"start":{"line":52,"column":8},"end":{"line":52,"column":25}},"18":{"start":{"line":53,"column":8},"end":{"line":53,"column":14}},"19":{"start":{"line":55,"column":19},"end":{"line":55,"column":62}},"20":{"start":{"line":56,"column":8},"end":{"line":56,"column":29}},"21":{"start":{"line":57,"column":8},"end":{"line":57,"column":14}},"22":{"start":{"line":59,"column":24},"end":{"line":59,"column":64}},"23":{"start":{"line":60,"column":21},"end":{"line":60,"column":58}},"24":{"start":{"line":61,"column":25},"end":{"line":61,"column":66}},"25":{"start":{"line":62,"column":25},"end":{"line":62,"column":65}},"26":{"start":{"line":63,"column":22},"end":{"line":63,"column":60}},"27":{"start":{"line":64,"column":26},"end":{"line":66,"column":9}},"28":{"start":{"line":67,"column":27},"end":{"line":67,"column":47}},"29":{"start":{"line":69,"column":8},"end":{"line":77,"column":10}},"30":{"start":{"line":78,"column":8},"end":{"line":78,"column":14}},"31":{"start":{"line":80,"column":22},"end":{"line":80,"column":63}},"32":{"start":{"line":81,"column":24},"end":{"line":83,"column":9}},"33":{"start":{"line":84,"column":22},"end":{"line":86,"column":9}},"34":{"start":{"line":87,"column":24},"end":{"line":89,"column":9}},"35":{"start":{"line":90,"column":22},"end":{"line":92,"column":9}},"36":{"start":{"line":93,"column":8},"end":{"line":100,"column":10}},"37":{"start":{"line":101,"column":8},"end":{"line":101,"column":14}},"38":{"start":{"line":103,"column":8},"end":{"line":103,"column":28}},"39":{"start":{"line":104,"column":8},"end":{"line":104,"column":14}},"40":{"start":{"line":108,"column":21},"end":{"line":108,"column":23}},"41":{"start":{"line":109,"column":4},"end":{"line":113,"column":5}},"42":{"start":{"line":110,"column":6},"end":{"line":110,"column":58}},"43":{"start":{"line":110,"column":19},"end":{"line":110,"column":20}},"44":{"start":{"line":110,"column":40},"end":{"line":110,"column":58}},"45":{"start":{"line":112,"column":6},"end":{"line":112,"column":24}},"46":{"start":{"line":114,"column":21},"end":{"line":114,"column":34}},"47":{"start":{"line":115,"column":4},"end":{"line":118,"column":5}},"48":{"start":{"line":116,"column":6},"end":{"line":116,"column":24}},"49":{"start":{"line":117,"column":6},"end":{"line":117,"column":22}},"50":{"start":{"line":119,"column":4},"end":{"line":119,"column":31}},"51":{"start":{"line":122,"column":4},"end":{"line":122,"column":42}},"52":{"start":{"line":126,"column":17},"end":{"line":126,"column":19}},"53":{"start":{"line":127,"column":18},"end":{"line":127,"column":29}},"54":{"start":{"line":129,"column":4},"end":{"line":146,"column":5}},"55":{"start":{"line":130,"column":16},"end":{"line":130,"column":29}},"56":{"start":{"line":131,"column":16},"end":{"line":131,"column":25}},"57":{"start":{"line":132,"column":6},"end":{"line":132,"column":37}},"58":{"start":{"line":133,"column":6},"end":{"line":133,"column":36}},"59":{"start":{"line":135,"column":6},"end":{"line":145,"column":64}},"60":{"start":{"line":147,"column":4},"end":{"line":147,"column":70}},"61":{"start":{"line":147,"column":27},"end":{"line":147,"column":70}},"62":{"start":{"line":149,"column":4},"end":{"line":150,"column":57}},"63":{"start":{"line":150,"column":6},"end":{"line":150,"column":57}},"64":{"start":{"line":152,"column":4},"end":{"line":153,"column":57}},"65":{"start":{"line":153,"column":6},"end":{"line":153,"column":57}},"66":{"start":{"line":155,"column":4},"end":{"line":155,"column":73}},"67":{"start":{"line":155,"column":28},"end":{"line":155,"column":73}},"68":{"start":{"line":157,"column":4},"end":{"line":170,"column":7}},"69":{"start":{"line":158,"column":6},"end":{"line":169,"column":64}},"70":{"start":{"line":171,"column":4},"end":{"line":171,"column":38}},"71":{"start":{"line":172,"column":4},"end":{"line":172,"column":18}},"72":{"start":{"line":175,"column":18},"end":{"line":175,"column":27}},"73":{"start":{"line":177,"column":4},"end":{"line":180,"column":7}},"74":{"start":{"line":178,"column":6},"end":{"line":179,"column":32}},"75":{"start":{"line":179,"column":8},"end":{"line":179,"column":32}},"76":{"start":{"line":182,"column":4},"end":{"line":182,"column":19}},"77":{"start":{"line":185,"column":18},"end":{"line":185,"column":27}},"78":{"start":{"line":187,"column":4},"end":{"line":190,"column":7}},"79":{"start":{"line":188,"column":6},"end":{"line":189,"column":32}},"80":{"start":{"line":189,"column":8},"end":{"line":189,"column":32}},"81":{"start":{"line":192,"column":4},"end":{"line":192,"column":19}},"82":{"start":{"line":195,"column":18},"end":{"line":195,"column":27}},"83":{"start":{"line":197,"column":4},"end":{"line":199,"column":7}},"84":{"start":{"line":198,"column":6},"end":{"line":198,"column":75}},"85":{"start":{"line":198,"column":51},"end":{"line":198,"column":75}},"86":{"start":{"line":201,"column":4},"end":{"line":201,"column":19}},"87":{"start":{"line":205,"column":18},"end":{"line":205,"column":27}},"88":{"start":{"line":207,"column":4},"end":{"line":209,"column":7}},"89":{"start":{"line":208,"column":6},"end":{"line":208,"column":70}},"90":{"start":{"line":208,"column":46},"end":{"line":208,"column":70}},"91":{"start":{"line":211,"column":4},"end":{"line":211,"column":19}},"92":{"start":{"line":215,"column":31},"end":{"line":215,"column":59}},"93":{"start":{"line":216,"column":31},"end":{"line":216,"column":59}},"94":{"start":{"line":218,"column":4},"end":{"line":230,"column":5}},"95":{"start":{"line":219,"column":6},"end":{"line":219,"column":16}},"96":{"start":{"line":220,"column":11},"end":{"line":230,"column":5}},"97":{"start":{"line":221,"column":6},"end":{"line":221,"column":15}},"98":{"start":{"line":223,"column":6},"end":{"line":229,"column":7}},"99":{"start":{"line":224,"column":8},"end":{"line":224,"column":18}},"100":{"start":{"line":225,"column":13},"end":{"line":229,"column":7}},"101":{"start":{"line":226,"column":8},"end":{"line":226,"column":17}},"102":{"start":{"line":228,"column":8},"end":{"line":228,"column":17}},"103":{"start":{"line":233,"column":18},"end":{"line":233,"column":35}},"104":{"start":{"line":234,"column":16},"end":{"line":234,"column":25}},"105":{"start":{"line":235,"column":16},"end":{"line":235,"column":23}},"106":{"start":{"line":236,"column":16},"end":{"line":236,"column":25}},"107":{"start":{"line":237,"column":16},"end":{"line":237,"column":23}},"108":{"start":{"line":239,"column":34},"end":{"line":239,"column":62}},"109":{"start":{"line":240,"column":34},"end":{"line":240,"column":62}},"110":{"start":{"line":242,"column":31},"end":{"line":242,"column":59}},"111":{"start":{"line":243,"column":31},"end":{"line":243,"column":59}},"112":{"start":{"line":245,"column":21},"end":{"line":245,"column":72}},"113":{"start":{"line":246,"column":21},"end":{"line":246,"column":72}},"114":{"start":{"line":247,"column":21},"end":{"line":247,"column":26}},"115":{"start":{"line":249,"column":4},"end":{"line":279,"column":7}},"116":{"start":{"line":250,"column":21},"end":{"line":250,"column":36}},"117":{"start":{"line":251,"column":21},"end":{"line":251,"column":34}},"118":{"start":{"line":252,"column":21},"end":{"line":252,"column":36}},"119":{"start":{"line":253,"column":21},"end":{"line":253,"column":34}},"120":{"start":{"line":254,"column":6},"end":{"line":254,"column":58}},"121":{"start":{"line":255,"column":45},"end":{"line":255,"column":76}},"122":{"start":{"line":256,"column":45},"end":{"line":256,"column":76}},"123":{"start":{"line":258,"column":39},"end":{"line":258,"column":70}},"124":{"start":{"line":259,"column":39},"end":{"line":259,"column":70}},"125":{"start":{"line":261,"column":26},"end":{"line":267,"column":7}},"126":{"start":{"line":268,"column":26},"end":{"line":274,"column":7}},"127":{"start":{"line":276,"column":6},"end":{"line":278,"column":26}},"128":{"start":{"line":276,"column":61},"end":{"line":276,"column":79}},"129":{"start":{"line":277,"column":11},"end":{"line":278,"column":26}},"130":{"start":{"line":278,"column":8},"end":{"line":278,"column":26}},"131":{"start":{"line":280,"column":4},"end":{"line":280,"column":22}},"132":{"start":{"line":284,"column":4},"end":{"line":284,"column":60}},"133":{"start":{"line":285,"column":4},"end":{"line":297,"column":5}},"134":{"start":{"line":286,"column":16},"end":{"line":286,"column":47}},"135":{"start":{"line":287,"column":6},"end":{"line":295,"column":8}},"136":{"start":{"line":296,"column":6},"end":{"line":296,"column":37}},"137":{"start":{"line":301,"column":4},"end":{"line":301,"column":21}},"138":{"start":{"line":302,"column":4},"end":{"line":307,"column":5}},"139":{"start":{"line":303,"column":6},"end":{"line":303,"column":29}},"140":{"start":{"line":304,"column":6},"end":{"line":304,"column":39}},"141":{"start":{"line":306,"column":6},"end":{"line":306,"column":50}},"142":{"start":{"line":311,"column":19},"end":{"line":311,"column":63}},"143":{"start":{"line":312,"column":4},"end":{"line":312,"column":64}},"144":{"start":{"line":312,"column":20},"end":{"line":312,"column":64}},"145":{"start":{"line":313,"column":4},"end":{"line":313,"column":25}},"146":{"start":{"line":317,"column":0},"end":{"line":317,"column":27}}},"fnMap":{"0":{"name":"(anonymous_0)","decl":{"start":{"line":20,"column":2},"end":{"line":20,"column":3}},"loc":{"start":{"line":20,"column":14},"end":{"line":27,"column":3}},"line":20},"1":{"name":"(anonymous_1)","decl":{"start":{"line":28,"column":2},"end":{"line":28,"column":3}},"loc":{"start":{"line":28,"column":17},"end":{"line":31,"column":3}},"line":28},"2":{"name":"(anonymous_2)","decl":{"start":{"line":32,"column":2},"end":{"line":32,"column":3}},"loc":{"start":{"line":32,"column":25},"end":{"line":34,"column":3}},"line":32},"3":{"name":"(anonymous_3)","decl":{"start":{"line":35,"column":2},"end":{"line":35,"column":3}},"loc":{"start":{"line":35,"column":22},"end":{"line":37,"column":3}},"line":35},"4":{"name":"(anonymous_4)","decl":{"start":{"line":38,"column":2},"end":{"line":38,"column":3}},"loc":{"start":{"line":38,"column":70},"end":{"line":47,"column":3}},"line":38},"5":{"name":"(anonymous_5)","decl":{"start":{"line":49,"column":2},"end":{"line":49,"column":3}},"loc":{"start":{"line":49,"column":22},"end":{"line":106,"column":3}},"line":49},"6":{"name":"(anonymous_6)","decl":{"start":{"line":107,"column":2},"end":{"line":107,"column":3}},"loc":{"start":{"line":107,"column":36},"end":{"line":120,"column":3}},"line":107},"7":{"name":"(anonymous_7)","decl":{"start":{"line":121,"column":2},"end":{"line":121,"column":3}},"loc":{"start":{"line":121,"column":14},"end":{"line":123,"column":3}},"line":121},"8":{"name":"(anonymous_8)","decl":{"start":{"line":125,"column":2},"end":{"line":125,"column":3}},"loc":{"start":{"line":125,"column":57},"end":{"line":173,"column":3}},"line":125},"9":{"name":"(anonymous_9)","decl":{"start":{"line":157,"column":20},"end":{"line":157,"column":21}},"loc":{"start":{"line":157,"column":36},"end":{"line":170,"column":5}},"line":157},"10":{"name":"(anonymous_10)","decl":{"start":{"line":174,"column":2},"end":{"line":174,"column":3}},"loc":{"start":{"line":174,"column":28},"end":{"line":183,"column":3}},"line":174},"11":{"name":"(anonymous_11)","decl":{"start":{"line":177,"column":18},"end":{"line":177,"column":19}},"loc":{"start":{"line":177,"column":34},"end":{"line":180,"column":5}},"line":177},"12":{"name":"(anonymous_12)","decl":{"start":{"line":184,"column":2},"end":{"line":184,"column":3}},"loc":{"start":{"line":184,"column":36},"end":{"line":193,"column":3}},"line":184},"13":{"name":"(anonymous_13)","decl":{"start":{"line":187,"column":18},"end":{"line":187,"column":19}},"loc":{"start":{"line":187,"column":34},"end":{"line":190,"column":5}},"line":187},"14":{"name":"(anonymous_14)","decl":{"start":{"line":194,"column":2},"end":{"line":194,"column":3}},"loc":{"start":{"line":194,"column":36},"end":{"line":202,"column":3}},"line":194},"15":{"name":"(anonymous_15)","decl":{"start":{"line":197,"column":18},"end":{"line":197,"column":19}},"loc":{"start":{"line":197,"column":34},"end":{"line":199,"column":5}},"line":197},"16":{"name":"(anonymous_16)","decl":{"start":{"line":204,"column":2},"end":{"line":204,"column":3}},"loc":{"start":{"line":204,"column":30},"end":{"line":212,"column":3}},"line":204},"17":{"name":"(anonymous_17)","decl":{"start":{"line":207,"column":18},"end":{"line":207,"column":19}},"loc":{"start":{"line":207,"column":34},"end":{"line":209,"column":5}},"line":207},"18":{"name":"(anonymous_18)","decl":{"start":{"line":214,"column":2},"end":{"line":214,"column":3}},"loc":{"start":{"line":214,"column":29},"end":{"line":231,"column":3}},"line":214},"19":{"name":"(anonymous_19)","decl":{"start":{"line":232,"column":2},"end":{"line":232,"column":3}},"loc":{"start":{"line":232,"column":55},"end":{"line":281,"column":3}},"line":232},"20":{"name":"(anonymous_20)","decl":{"start":{"line":249,"column":20},"end":{"line":249,"column":21}},"loc":{"start":{"line":249,"column":36},"end":{"line":279,"column":5}},"line":249},"21":{"name":"(anonymous_21)","decl":{"start":{"line":283,"column":2},"end":{"line":283,"column":3}},"loc":{"start":{"line":283,"column":63},"end":{"line":298,"column":3}},"line":283},"22":{"name":"(anonymous_22)","decl":{"start":{"line":300,"column":2},"end":{"line":300,"column":3}},"loc":{"start":{"line":300,"column":18},"end":{"line":308,"column":3}},"line":300},"23":{"name":"(anonymous_23)","decl":{"start":{"line":310,"column":2},"end":{"line":310,"column":3}},"loc":{"start":{"line":310,"column":15},"end":{"line":314,"column":3}},"line":310}},"branchMap":{"0":{"loc":{"start":{"line":36,"column":11},"end":{"line":36,"column":79}},"type":"binary-expr","locations":[{"start":{"line":36,"column":11},"end":{"line":36,"column":24}},{"start":{"line":36,"column":28},"end":{"line":36,"column":46}},{"start":{"line":36,"column":50},"end":{"line":36,"column":79}}],"line":36},"1":{"loc":{"start":{"line":40,"column":6},"end":{"line":45,"column":29}},"type":"binary-expr","locations":[{"start":{"line":40,"column":6},"end":{"line":40,"column":27}},{"start":{"line":41,"column":6},"end":{"line":41,"column":24}},{"start":{"line":42,"column":6},"end":{"line":42,"column":28}},{"start":{"line":43,"column":6},"end":{"line":43,"column":28}},{"start":{"line":44,"column":6},"end":{"line":44,"column":25}},{"start":{"line":45,"column":6},"end":{"line":45,"column":29}}],"line":40},"2":{"loc":{"start":{"line":50,"column":4},"end":{"line":105,"column":5}},"type":"switch","locations":[{"start":{"line":51,"column":6},"end":{"line":53,"column":14}},{"start":{"line":54,"column":6},"end":{"line":57,"column":14}},{"start":{"line":58,"column":6},"end":{"line":78,"column":14}},{"start":{"line":79,"column":6},"end":{"line":101,"column":14}},{"start":{"line":102,"column":6},"end":{"line":104,"column":14}}],"line":50},"3":{"loc":{"start":{"line":107,"column":25},"end":{"line":107,"column":34}},"type":"default-arg","locations":[{"start":{"line":107,"column":32},"end":{"line":107,"column":34}}],"line":107},"4":{"loc":{"start":{"line":109,"column":4},"end":{"line":113,"column":5}},"type":"if","locations":[{"start":{"line":109,"column":4},"end":{"line":113,"column":5}},{"start":{"line":109,"column":4},"end":{"line":113,"column":5}}],"line":109},"5":{"loc":{"start":{"line":129,"column":4},"end":{"line":146,"column":5}},"type":"if","locations":[{"start":{"line":129,"column":4},"end":{"line":146,"column":5}},{"start":{"line":129,"column":4},"end":{"line":146,"column":5}}],"line":129},"6":{"loc":{"start":{"line":147,"column":4},"end":{"line":147,"column":70}},"type":"if","locations":[{"start":{"line":147,"column":4},"end":{"line":147,"column":70}},{"start":{"line":147,"column":4},"end":{"line":147,"column":70}}],"line":147},"7":{"loc":{"start":{"line":149,"column":4},"end":{"line":150,"column":57}},"type":"if","locations":[{"start":{"line":149,"column":4},"end":{"line":150,"column":57}},{"start":{"line":149,"column":4},"end":{"line":150,"column":57}}],"line":149},"8":{"loc":{"start":{"line":152,"column":4},"end":{"line":153,"column":57}},"type":"if","locations":[{"start":{"line":152,"column":4},"end":{"line":153,"column":57}},{"start":{"line":152,"column":4},"end":{"line":153,"column":57}}],"line":152},"9":{"loc":{"start":{"line":155,"column":4},"end":{"line":155,"column":73}},"type":"if","locations":[{"start":{"line":155,"column":4},"end":{"line":155,"column":73}},{"start":{"line":155,"column":4},"end":{"line":155,"column":73}}],"line":155},"10":{"loc":{"start":{"line":178,"column":6},"end":{"line":179,"column":32}},"type":"if","locations":[{"start":{"line":178,"column":6},"end":{"line":179,"column":32}},{"start":{"line":178,"column":6},"end":{"line":179,"column":32}}],"line":178},"11":{"loc":{"start":{"line":188,"column":6},"end":{"line":189,"column":32}},"type":"if","locations":[{"start":{"line":188,"column":6},"end":{"line":189,"column":32}},{"start":{"line":188,"column":6},"end":{"line":189,"column":32}}],"line":188},"12":{"loc":{"start":{"line":198,"column":6},"end":{"line":198,"column":75}},"type":"if","locations":[{"start":{"line":198,"column":6},"end":{"line":198,"column":75}},{"start":{"line":198,"column":6},"end":{"line":198,"column":75}}],"line":198},"13":{"loc":{"start":{"line":208,"column":6},"end":{"line":208,"column":70}},"type":"if","locations":[{"start":{"line":208,"column":6},"end":{"line":208,"column":70}},{"start":{"line":208,"column":6},"end":{"line":208,"column":70}}],"line":208},"14":{"loc":{"start":{"line":218,"column":4},"end":{"line":230,"column":5}},"type":"if","locations":[{"start":{"line":218,"column":4},"end":{"line":230,"column":5}},{"start":{"line":218,"column":4},"end":{"line":230,"column":5}}],"line":218},"15":{"loc":{"start":{"line":220,"column":11},"end":{"line":230,"column":5}},"type":"if","locations":[{"start":{"line":220,"column":11},"end":{"line":230,"column":5}},{"start":{"line":220,"column":11},"end":{"line":230,"column":5}}],"line":220},"16":{"loc":{"start":{"line":223,"column":6},"end":{"line":229,"column":7}},"type":"if","locations":[{"start":{"line":223,"column":6},"end":{"line":229,"column":7}},{"start":{"line":223,"column":6},"end":{"line":229,"column":7}}],"line":223},"17":{"loc":{"start":{"line":225,"column":13},"end":{"line":229,"column":7}},"type":"if","locations":[{"start":{"line":225,"column":13},"end":{"line":229,"column":7}},{"start":{"line":225,"column":13},"end":{"line":229,"column":7}}],"line":225},"18":{"loc":{"start":{"line":276,"column":6},"end":{"line":278,"column":26}},"type":"if","locations":[{"start":{"line":276,"column":6},"end":{"line":278,"column":26}},{"start":{"line":276,"column":6},"end":{"line":278,"column":26}}],"line":276},"19":{"loc":{"start":{"line":276,"column":10},"end":{"line":276,"column":59}},"type":"binary-expr","locations":[{"start":{"line":276,"column":10},"end":{"line":276,"column":33}},{"start":{"line":276,"column":37},"end":{"line":276,"column":59}}],"line":276},"20":{"loc":{"start":{"line":277,"column":11},"end":{"line":278,"column":26}},"type":"if","locations":[{"start":{"line":277,"column":11},"end":{"line":278,"column":26}},{"start":{"line":277,"column":11},"end":{"line":278,"column":26}}],"line":277},"21":{"loc":{"start":{"line":277,"column":15},"end":{"line":277,"column":64}},"type":"binary-expr","locations":[{"start":{"line":277,"column":15},"end":{"line":277,"column":38}},{"start":{"line":277,"column":42},"end":{"line":277,"column":64}}],"line":277},"22":{"loc":{"start":{"line":285,"column":4},"end":{"line":297,"column":5}},"type":"if","locations":[{"start":{"line":285,"column":4},"end":{"line":297,"column":5}},{"start":{"line":285,"column":4},"end":{"line":297,"column":5}}],"line":285},"23":{"loc":{"start":{"line":302,"column":4},"end":{"line":307,"column":5}},"type":"if","locations":[{"start":{"line":302,"column":4},"end":{"line":307,"column":5}},{"start":{"line":302,"column":4},"end":{"line":307,"column":5}}],"line":302},"24":{"loc":{"start":{"line":312,"column":4},"end":{"line":312,"column":64}},"type":"if","locations":[{"start":{"line":312,"column":4},"end":{"line":312,"column":64}},{"start":{"line":312,"column":4},"end":{"line":312,"column":64}}],"line":312}},"s":{"0":1,"1":1,"2":1,"3":1,"4":1,"5":1,"6":1,"7":1,"8":1,"9":1,"10":7,"11":0,"12":0,"13":2,"14":0,"15":0,"16":3,"17":0,"18":0,"19":0,"20":0,"21":0,"22":0,"23":0,"24":0,"25":0,"26":0,"27":0,"28":0,"29":0,"30":0,"31":0,"32":0,"33":0,"34":0,"35":0,"36":0,"37":0,"38":0,"39":0,"40":70,"41":70,"42":6,"43":6,"44":60,"45":6,"46":64,"47":64,"48":408,"49":408,"50":64,"51":3,"52":2,"53":2,"54":2,"55":0,"56":0,"57":0,"58":0,"59":0,"60":2,"61":0,"62":2,"63":0,"64":2,"65":0,"66":2,"67":0,"68":2,"69":4,"70":2,"71":2,"72":0,"73":0,"74":0,"75":0,"76":0,"77":0,"78":0,"79":0,"80":0,"81":0,"82":0,"83":0,"84":0,"85":0,"86":0,"87":0,"88":0,"89":0,"90":0,"91":0,"92":0,"93":0,"94":0,"95":0,"96":0,"97":0,"98":0,"99":0,"100":0,"101":0,"102":0,"103":2,"104":2,"105":2,"106":2,"107":2,"108":2,"109":2,"110":2,"111":2,"112":2,"113":2,"114":2,"115":2,"116":13,"117":13,"118":13,"119":13,"120":13,"121":13,"122":13,"123":13,"124":13,"125":13,"126":13,"127":13,"128":0,"129":13,"130":0,"131":2,"132":2,"133":2,"134":2,"135":2,"136":2,"137":2,"138":2,"139":1,"140":1,"141":1,"142":0,"143":0,"144":0,"145":0,"146":1},"f":{"0":7,"1":0,"2":2,"3":0,"4":0,"5":3,"6":70,"7":3,"8":2,"9":4,"10":0,"11":0,"12":0,"13":0,"14":0,"15":0,"16":0,"17":0,"18":0,"19":2,"20":13,"21":2,"22":2,"23":0},"b":{"0":[0,0,0],"1":[0,0,0,0,0,0],"2":[0,0,0,0,0],"3":[66],"4":[6,64],"5":[0,2],"6":[0,2],"7":[0,2],"8":[0,2],"9":[0,2],"10":[0,0],"11":[0,0],"12":[0,0],"13":[0,0],"14":[0,0],"15":[0,0],"16":[0,0],"17":[0,0],"18":[0,13],"19":[13,0],"20":[0,13],"21":[13,0],"22":[2,0],"23":[1,1],"24":[0,0]},"_coverageSchema":"1a1c01bbd47fc00a2c39e90264f33305004495a9","hash":"510f081963506fdb18c574f08a355357e39afd71","contentHash":"4d4793f622201ac957191d4fbda63cef694ee8a1eca65ab90f9d8d94d735fbbd"},"C:\\Users\\alaae\\OneDrive\\Desktop\\sonar cloud tester\\sonar-cloud-testing\\main.js":{"path":"C:\\Users\\alaae\\OneDrive\\Desktop\\sonar cloud tester\\sonar-cloud-testing\\main.js","statementMap":{},"fnMap":{},"branchMap":{},"s":{},"f":{},"b":{},"_coverageSchema":"1a1c01bbd47fc00a2c39e90264f33305004495a9","hash":"27bdf3e62b716995d8cf5872c85b46d4fac38990","contentHash":"8b73909f7cfc2d25538aee8ff8a6bf938a8a39e24244a0d78d3d663a7b38a5a8"},"C:\\Users\\alaae\\OneDrive\\Desktop\\sonar cloud tester\\sonar-cloud-testing\\JS-Files\\printData.js":{"path":"C:\\Users\\alaae\\OneDrive\\Desktop\\sonar cloud tester\\sonar-cloud-testing\\JS-Files\\printData.js","statementMap":{"0":{"start":{"line":3,"column":16},"end":{"line":3,"column":40}},"1":{"start":{"line":5,"column":26},"end":{"line":10,"column":7}},"2":{"start":{"line":5,"column":61},"end":{"line":10,"column":5}},"3":{"start":{"line":11,"column":4},"end":{"line":11,"column":33}},"4":{"start":{"line":15,"column":16},"end":{"line":15,"column":40}},"5":{"start":{"line":17,"column":26},"end":{"line":25,"column":7}},"6":{"start":{"line":17,"column":61},"end":{"line":25,"column":5}},"7":{"start":{"line":26,"column":4},"end":{"line":26,"column":33}},"8":{"start":{"line":30,"column":16},"end":{"line":30,"column":40}},"9":{"start":{"line":32,"column":26},"end":{"line":42,"column":7}},"10":{"start":{"line":32,"column":61},"end":{"line":42,"column":5}},"11":{"start":{"line":43,"column":4},"end":{"line":43,"column":33}},"12":{"start":{"line":47,"column":16},"end":{"line":47,"column":40}},"13":{"start":{"line":49,"column":26},"end":{"line":57,"column":7}},"14":{"start":{"line":49,"column":61},"end":{"line":57,"column":5}},"15":{"start":{"line":58,"column":4},"end":{"line":58,"column":33}},"16":{"start":{"line":62,"column":16},"end":{"line":62,"column":40}},"17":{"start":{"line":64,"column":26},"end":{"line":69,"column":7}},"18":{"start":{"line":64,"column":61},"end":{"line":69,"column":5}},"19":{"start":{"line":70,"column":4},"end":{"line":70,"column":33}},"20":{"start":{"line":74,"column":16},"end":{"line":74,"column":40}},"21":{"start":{"line":76,"column":26},"end":{"line":82,"column":7}},"22":{"start":{"line":76,"column":61},"end":{"line":82,"column":5}},"23":{"start":{"line":83,"column":4},"end":{"line":83,"column":33}},"24":{"start":{"line":89,"column":17},"end":{"line":89,"column":26}},"25":{"start":{"line":90,"column":4},"end":{"line":108,"column":7}},"26":{"start":{"line":91,"column":21},"end":{"line":91,"column":40}},"27":{"start":{"line":92,"column":6},"end":{"line":107,"column":7}},"28":{"start":{"line":93,"column":8},"end":{"line":93,"column":34}},"29":{"start":{"line":94,"column":8},"end":{"line":99,"column":11}},"30":{"start":{"line":95,"column":10},"end":{"line":98,"column":11}},"31":{"start":{"line":96,"column":12},"end":{"line":96,"column":39}},"32":{"start":{"line":100,"column":8},"end":{"line":106,"column":10}},"33":{"start":{"line":110,"column":4},"end":{"line":113,"column":5}},"34":{"start":{"line":111,"column":6},"end":{"line":111,"column":43}},"35":{"start":{"line":112,"column":6},"end":{"line":112,"column":13}},"36":{"start":{"line":114,"column":4},"end":{"line":114,"column":18}},"37":{"start":{"line":118,"column":0},"end":{"line":118,"column":27}}},"fnMap":{"0":{"name":"(anonymous_0)","decl":{"start":{"line":2,"column":2},"end":{"line":2,"column":3}},"loc":{"start":{"line":2,"column":22},"end":{"line":12,"column":3}},"line":2},"1":{"name":"(anonymous_1)","decl":{"start":{"line":5,"column":49},"end":{"line":5,"column":50}},"loc":{"start":{"line":5,"column":61},"end":{"line":10,"column":5}},"line":5},"2":{"name":"(anonymous_2)","decl":{"start":{"line":14,"column":2},"end":{"line":14,"column":3}},"loc":{"start":{"line":14,"column":23},"end":{"line":27,"column":3}},"line":14},"3":{"name":"(anonymous_3)","decl":{"start":{"line":17,"column":49},"end":{"line":17,"column":50}},"loc":{"start":{"line":17,"column":61},"end":{"line":25,"column":5}},"line":17},"4":{"name":"(anonymous_4)","decl":{"start":{"line":29,"column":2},"end":{"line":29,"column":3}},"loc":{"start":{"line":29,"column":23},"end":{"line":44,"column":3}},"line":29},"5":{"name":"(anonymous_5)","decl":{"start":{"line":32,"column":49},"end":{"line":32,"column":50}},"loc":{"start":{"line":32,"column":61},"end":{"line":42,"column":5}},"line":32},"6":{"name":"(anonymous_6)","decl":{"start":{"line":46,"column":2},"end":{"line":46,"column":3}},"loc":{"start":{"line":46,"column":29},"end":{"line":59,"column":3}},"line":46},"7":{"name":"(anonymous_7)","decl":{"start":{"line":49,"column":49},"end":{"line":49,"column":50}},"loc":{"start":{"line":49,"column":61},"end":{"line":57,"column":5}},"line":49},"8":{"name":"(anonymous_8)","decl":{"start":{"line":61,"column":2},"end":{"line":61,"column":3}},"loc":{"start":{"line":61,"column":34},"end":{"line":71,"column":3}},"line":61},"9":{"name":"(anonymous_9)","decl":{"start":{"line":64,"column":49},"end":{"line":64,"column":50}},"loc":{"start":{"line":64,"column":61},"end":{"line":69,"column":5}},"line":64},"10":{"name":"(anonymous_10)","decl":{"start":{"line":73,"column":2},"end":{"line":73,"column":3}},"loc":{"start":{"line":73,"column":25},"end":{"line":84,"column":3}},"line":73},"11":{"name":"(anonymous_11)","decl":{"start":{"line":76,"column":49},"end":{"line":76,"column":50}},"loc":{"start":{"line":76,"column":61},"end":{"line":82,"column":5}},"line":76},"12":{"name":"(anonymous_12)","decl":{"start":{"line":86,"column":2},"end":{"line":86,"column":3}},"loc":{"start":{"line":86,"column":41},"end":{"line":115,"column":3}},"line":86},"13":{"name":"(anonymous_13)","decl":{"start":{"line":90,"column":21},"end":{"line":90,"column":22}},"loc":{"start":{"line":90,"column":42},"end":{"line":108,"column":5}},"line":90},"14":{"name":"(anonymous_14)","decl":{"start":{"line":94,"column":25},"end":{"line":94,"column":26}},"loc":{"start":{"line":94,"column":46},"end":{"line":99,"column":9}},"line":94}},"branchMap":{"0":{"loc":{"start":{"line":92,"column":6},"end":{"line":107,"column":7}},"type":"if","locations":[{"start":{"line":92,"column":6},"end":{"line":107,"column":7}},{"start":{"line":92,"column":6},"end":{"line":107,"column":7}}],"line":92},"1":{"loc":{"start":{"line":95,"column":10},"end":{"line":98,"column":11}},"type":"if","locations":[{"start":{"line":95,"column":10},"end":{"line":98,"column":11}},{"start":{"line":95,"column":10},"end":{"line":98,"column":11}}],"line":95},"2":{"loc":{"start":{"line":110,"column":4},"end":{"line":113,"column":5}},"type":"if","locations":[{"start":{"line":110,"column":4},"end":{"line":113,"column":5}},{"start":{"line":110,"column":4},"end":{"line":113,"column":5}}],"line":110}},"s":{"0":0,"1":0,"2":0,"3":0,"4":5,"5":5,"6":13,"7":5,"8":1,"9":1,"10":2,"11":1,"12":0,"13":0,"14":0,"15":0,"16":0,"17":0,"18":0,"19":0,"20":1,"21":1,"22":1,"23":1,"24":1,"25":1,"26":2,"27":2,"28":1,"29":1,"30":2,"31":1,"32":1,"33":1,"34":0,"35":0,"36":1,"37":1},"f":{"0":0,"1":0,"2":5,"3":13,"4":1,"5":2,"6":0,"7":0,"8":0,"9":0,"10":1,"11":1,"12":1,"13":2,"14":2},"b":{"0":[1,1],"1":[1,1],"2":[0,1]},"_coverageSchema":"1a1c01bbd47fc00a2c39e90264f33305004495a9","hash":"75c160ddb740c2fa39b17768130152b3fc674976","contentHash":"13e50170e3e605a0e68d8ae0a8d496752c26208eed3643e1ee9749e6c0166768"},"C:\\Users\\alaae\\OneDrive\\Desktop\\sonar cloud tester\\sonar-cloud-testing\\JS-Files\\eventBudgeting.js":{"path":"C:\\Users\\alaae\\OneDrive\\Desktop\\sonar cloud tester\\sonar-cloud-testing\\JS-Files\\eventBudgeting.js","statementMap":{"0":{"start":{"line":1,"column":13},"end":{"line":1,"column":43}},"1":{"start":{"line":2,"column":11},"end":{"line":2,"column":48}},"2":{"start":{"line":3,"column":21},"end":{"line":3,"column":45}},"3":{"start":{"line":4,"column":15},"end":{"line":4,"column":33}},"4":{"start":{"line":5,"column":18},"end":{"line":5,"column":53}},"5":{"start":{"line":6,"column":16},"end":{"line":6,"column":52}},"6":{"start":{"line":7,"column":16},"end":{"line":7,"column":31}},"7":{"start":{"line":10,"column":4},"end":{"line":13,"column":6}},"8":{"start":{"line":15,"column":4},"end":{"line":15,"column":42}},"9":{"start":{"line":17,"column":4},"end":{"line":21,"column":5}},"10":{"start":{"line":18,"column":4},"end":{"line":18,"column":56}},"11":{"start":{"line":20,"column":6},"end":{"line":20,"column":26}},"12":{"start":{"line":22,"column":18},"end":{"line":22,"column":27}},"13":{"start":{"line":23,"column":4},"end":{"line":23,"column":26}},"14":{"start":{"line":27,"column":4},"end":{"line":33,"column":7}},"15":{"start":{"line":28,"column":6},"end":{"line":28,"column":31}},"16":{"start":{"line":29,"column":6},"end":{"line":32,"column":7}},"17":{"start":{"line":30,"column":8},"end":{"line":30,"column":25}},"18":{"start":{"line":31,"column":8},"end":{"line":31,"column":38}},"19":{"start":{"line":34,"column":4},"end":{"line":39,"column":5}},"20":{"start":{"line":35,"column":26},"end":{"line":35,"column":86}},"21":{"start":{"line":36,"column":6},"end":{"line":36,"column":48}},"22":{"start":{"line":38,"column":6},"end":{"line":38,"column":41}},"23":{"start":{"line":43,"column":0},"end":{"line":43,"column":32}}},"fnMap":{"0":{"name":"(anonymous_0)","decl":{"start":{"line":9,"column":2},"end":{"line":9,"column":3}},"loc":{"start":{"line":9,"column":14},"end":{"line":40,"column":3}},"line":9},"1":{"name":"(anonymous_1)","decl":{"start":{"line":27,"column":20},"end":{"line":27,"column":21}},"loc":{"start":{"line":27,"column":36},"end":{"line":33,"column":5}},"line":27}},"branchMap":{"0":{"loc":{"start":{"line":17,"column":4},"end":{"line":21,"column":5}},"type":"if","locations":[{"start":{"line":17,"column":4},"end":{"line":21,"column":5}},{"start":{"line":17,"column":4},"end":{"line":21,"column":5}}],"line":17},"1":{"loc":{"start":{"line":29,"column":6},"end":{"line":32,"column":7}},"type":"if","locations":[{"start":{"line":29,"column":6},"end":{"line":32,"column":7}},{"start":{"line":29,"column":6},"end":{"line":32,"column":7}}],"line":29},"2":{"loc":{"start":{"line":34,"column":4},"end":{"line":39,"column":5}},"type":"if","locations":[{"start":{"line":34,"column":4},"end":{"line":39,"column":5}},{"start":{"line":34,"column":4},"end":{"line":39,"column":5}}],"line":34}},"s":{"0":1,"1":1,"2":1,"3":1,"4":1,"5":1,"6":1,"7":1,"8":1,"9":1,"10":0,"11":1,"12":1,"13":1,"14":1,"15":2,"16":2,"17":1,"18":1,"19":1,"20":1,"21":1,"22":0,"23":1},"f":{"0":1,"1":2},"b":{"0":[0,1],"1":[1,1],"2":[1,0]},"_coverageSchema":"1a1c01bbd47fc00a2c39e90264f33305004495a9","hash":"86e8b2a0a8f4d1873a5b6bcc321517d6f91ecc53","contentHash":"872cecb7bdb9e77d89bc989426c1b23d18e556bbed30d0b71aa55f5437c82fff"},"C:\\Users\\alaae\\OneDrive\\Desktop\\sonar cloud tester\\sonar-cloud-testing\\features\\createBA.js":{"path":"C:\\Users\\alaae\\OneDrive\\Desktop\\sonar cloud tester\\sonar-cloud-testing\\features\\createBA.js","statementMap":{"0":{"start":{"line":1,"column":30},"end":{"line":1,"column":59}},"1":{"start":{"line":2,"column":15},"end":{"line":2,"column":32}},"2":{"start":{"line":3,"column":17},"end":{"line":3,"column":55}},"3":{"start":{"line":4,"column":11},"end":{"line":4,"column":45}},"4":{"start":{"line":5,"column":16},"end":{"line":5,"column":52}},"5":{"start":{"line":6,"column":21},"end":{"line":6,"column":35}},"6":{"start":{"line":7,"column":0},"end":{"line":7,"column":10}},"7":{"start":{"line":9,"column":0},"end":{"line":12,"column":3}},"8":{"start":{"line":10,"column":2},"end":{"line":10,"column":28}},"9":{"start":{"line":11,"column":2},"end":{"line":11,"column":27}},"10":{"start":{"line":13,"column":0},"end":{"line":15,"column":3}},"11":{"start":{"line":14,"column":2},"end":{"line":14,"column":29}},"12":{"start":{"line":17,"column":0},"end":{"line":23,"column":3}},"13":{"start":{"line":18,"column":2},"end":{"line":18,"column":28}},"14":{"start":{"line":19,"column":2},"end":{"line":19,"column":29}},"15":{"start":{"line":20,"column":2},"end":{"line":20,"column":23}},"16":{"start":{"line":21,"column":2},"end":{"line":21,"column":36}},"17":{"start":{"line":22,"column":2},"end":{"line":22,"column":60}},"18":{"start":{"line":25,"column":0},"end":{"line":27,"column":3}},"19":{"start":{"line":26,"column":2},"end":{"line":26,"column":37}},"20":{"start":{"line":29,"column":0},"end":{"line":35,"column":3}},"21":{"start":{"line":30,"column":2},"end":{"line":30,"column":27}},"22":{"start":{"line":31,"column":2},"end":{"line":31,"column":29}},"23":{"start":{"line":32,"column":2},"end":{"line":32,"column":23}},"24":{"start":{"line":33,"column":2},"end":{"line":33,"column":36}},"25":{"start":{"line":34,"column":2},"end":{"line":34,"column":60}},"26":{"start":{"line":37,"column":0},"end":{"line":43,"column":3}},"27":{"start":{"line":38,"column":2},"end":{"line":38,"column":16}},"28":{"start":{"line":39,"column":2},"end":{"line":39,"column":29}},"29":{"start":{"line":40,"column":2},"end":{"line":40,"column":23}},"30":{"start":{"line":41,"column":2},"end":{"line":41,"column":36}},"31":{"start":{"line":42,"column":2},"end":{"line":42,"column":60}},"32":{"start":{"line":45,"column":0},"end":{"line":51,"column":2}},"33":{"start":{"line":48,"column":4},"end":{"line":48,"column":40}},"34":{"start":{"line":49,"column":4},"end":{"line":49,"column":39}},"35":{"start":{"line":53,"column":0},"end":{"line":55,"column":3}},"36":{"start":{"line":54,"column":2},"end":{"line":54,"column":28}},"37":{"start":{"line":57,"column":0},"end":{"line":63,"column":2}},"38":{"start":{"line":60,"column":4},"end":{"line":60,"column":43}},"39":{"start":{"line":61,"column":4},"end":{"line":61,"column":34}},"40":{"start":{"line":65,"column":0},"end":{"line":68,"column":3}},"41":{"start":{"line":66,"column":2},"end":{"line":66,"column":29}},"42":{"start":{"line":67,"column":2},"end":{"line":67,"column":32}},"43":{"start":{"line":70,"column":0},"end":{"line":72,"column":3}},"44":{"start":{"line":71,"column":2},"end":{"line":71,"column":37}}},"fnMap":{"0":{"name":"(anonymous_0)","decl":{"start":{"line":9,"column":57},"end":{"line":9,"column":58}},"loc":{"start":{"line":9,"column":69},"end":{"line":12,"column":1}},"line":9},"1":{"name":"(anonymous_1)","decl":{"start":{"line":13,"column":39},"end":{"line":13,"column":40}},"loc":{"start":{"line":13,"column":57},"end":{"line":15,"column":1}},"line":13},"2":{"name":"(anonymous_2)","decl":{"start":{"line":17,"column":40},"end":{"line":17,"column":41}},"loc":{"start":{"line":17,"column":52},"end":{"line":23,"column":1}},"line":17},"3":{"name":"(anonymous_3)","decl":{"start":{"line":25,"column":39},"end":{"line":25,"column":40}},"loc":{"start":{"line":25,"column":51},"end":{"line":27,"column":1}},"line":25},"4":{"name":"(anonymous_4)","decl":{"start":{"line":29,"column":59},"end":{"line":29,"column":60}},"loc":{"start":{"line":29,"column":71},"end":{"line":35,"column":1}},"line":29},"5":{"name":"(anonymous_5)","decl":{"start":{"line":37,"column":52},"end":{"line":37,"column":53}},"loc":{"start":{"line":37,"column":64},"end":{"line":43,"column":1}},"line":37},"6":{"name":"(anonymous_6)","decl":{"start":{"line":47,"column":2},"end":{"line":47,"column":3}},"loc":{"start":{"line":47,"column":17},"end":{"line":50,"column":3}},"line":47},"7":{"name":"(anonymous_7)","decl":{"start":{"line":53,"column":51},"end":{"line":53,"column":52}},"loc":{"start":{"line":53,"column":63},"end":{"line":55,"column":1}},"line":53},"8":{"name":"(anonymous_8)","decl":{"start":{"line":59,"column":2},"end":{"line":59,"column":3}},"loc":{"start":{"line":59,"column":20},"end":{"line":62,"column":3}},"line":59},"9":{"name":"(anonymous_9)","decl":{"start":{"line":65,"column":37},"end":{"line":65,"column":38}},"loc":{"start":{"line":65,"column":55},"end":{"line":68,"column":1}},"line":65},"10":{"name":"(anonymous_10)","decl":{"start":{"line":70,"column":31},"end":{"line":70,"column":32}},"loc":{"start":{"line":70,"column":43},"end":{"line":72,"column":1}},"line":70}},"branchMap":{},"s":{"0":1,"1":1,"2":1,"3":1,"4":1,"5":1,"6":1,"7":1,"8":7,"9":7,"10":1,"11":3,"12":1,"13":1,"14":1,"15":1,"16":1,"17":1,"18":1,"19":3,"20":1,"21":1,"22":1,"23":1,"24":1,"25":1,"26":1,"27":1,"28":1,"29":1,"30":1,"31":1,"32":1,"33":2,"34":2,"35":1,"36":3,"37":1,"38":1,"39":1,"40":1,"41":1,"42":1,"43":1,"44":2},"f":{"0":7,"1":3,"2":1,"3":3,"4":1,"5":1,"6":2,"7":3,"8":1,"9":1,"10":2},"b":{},"_coverageSchema":"1a1c01bbd47fc00a2c39e90264f33305004495a9","hash":"c0ba5b80e43f9c6e943463cbbe4f751f3fdddbba","contentHash":"3d885f08ac094cd0b86239ce82470e3c27e6f11e29121d8338e55a2e64ba08e1"},"C:\\Users\\alaae\\OneDrive\\Desktop\\sonar cloud tester\\sonar-cloud-testing\\JS-Files\\createBAccountP.js":{"path":"C:\\Users\\alaae\\OneDrive\\Desktop\\sonar cloud tester\\sonar-cloud-testing\\JS-Files\\createBAccountP.js","statementMap":{"0":{"start":{"line":1,"column":21},"end":{"line":1,"column":45}},"1":{"start":{"line":2,"column":11},"end":{"line":2,"column":38}},"2":{"start":{"line":3,"column":13},"end":{"line":3,"column":33}},"3":{"start":{"line":4,"column":16},"end":{"line":4,"column":42}},"4":{"start":{"line":5,"column":0},"end":{"line":5,"column":10}},"5":{"start":{"line":7,"column":13},"end":{"line":7,"column":17}},"6":{"start":{"line":8,"column":16},"end":{"line":8,"column":20}},"7":{"start":{"line":9,"column":17},"end":{"line":9,"column":21}},"8":{"start":{"line":10,"column":10},"end":{"line":10,"column":14}},"9":{"start":{"line":11,"column":18},"end":{"line":11,"column":19}},"10":{"start":{"line":12,"column":13},"end":{"line":12,"column":14}},"11":{"start":{"line":13,"column":17},"end":{"line":13,"column":54}},"12":{"start":{"line":15,"column":4},"end":{"line":16,"column":19}},"13":{"start":{"line":16,"column":6},"end":{"line":16,"column":19}},"14":{"start":{"line":18,"column":18},"end":{"line":18,"column":40}},"15":{"start":{"line":19,"column":21},"end":{"line":19,"column":25}},"16":{"start":{"line":20,"column":4},"end":{"line":23,"column":7}},"17":{"start":{"line":21,"column":22},"end":{"line":21,"column":30}},"18":{"start":{"line":22,"column":6},"end":{"line":22,"column":58}},"19":{"start":{"line":22,"column":39},"end":{"line":22,"column":58}},"20":{"start":{"line":25,"column":4},"end":{"line":25,"column":22}},"21":{"start":{"line":29,"column":4},"end":{"line":29,"column":27}},"22":{"start":{"line":30,"column":4},"end":{"line":30,"column":22}},"23":{"start":{"line":34,"column":4},"end":{"line":34,"column":29}},"24":{"start":{"line":37,"column":4},"end":{"line":37,"column":35}},"25":{"start":{"line":40,"column":4},"end":{"line":40,"column":37}},"26":{"start":{"line":43,"column":4},"end":{"line":43,"column":23}},"27":{"start":{"line":47,"column":6},"end":{"line":47,"column":67}},"28":{"start":{"line":49,"column":4},"end":{"line":49,"column":37}},"29":{"start":{"line":52,"column":4},"end":{"line":52,"column":27}},"30":{"start":{"line":53,"column":4},"end":{"line":53,"column":31}},"31":{"start":{"line":54,"column":4},"end":{"line":54,"column":31}},"32":{"start":{"line":55,"column":4},"end":{"line":55,"column":33}},"33":{"start":{"line":56,"column":4},"end":{"line":64,"column":5}},"34":{"start":{"line":57,"column":6},"end":{"line":62,"column":8}},"35":{"start":{"line":63,"column":6},"end":{"line":63,"column":47}},"36":{"start":{"line":67,"column":4},"end":{"line":67,"column":80}},"37":{"start":{"line":70,"column":4},"end":{"line":74,"column":6}},"38":{"start":{"line":77,"column":21},"end":{"line":77,"column":67}},"39":{"start":{"line":78,"column":24},"end":{"line":78,"column":73}},"40":{"start":{"line":79,"column":4},"end":{"line":79,"column":22}},"41":{"start":{"line":80,"column":4},"end":{"line":87,"column":5}},"42":{"start":{"line":84,"column":6},"end":{"line":84,"column":63}},"43":{"start":{"line":86,"column":6},"end":{"line":86,"column":47}},"44":{"start":{"line":91,"column":4},"end":{"line":95,"column":9}},"45":{"start":{"line":99,"column":4},"end":{"line":104,"column":47}},"46":{"start":{"line":105,"column":19},"end":{"line":105,"column":63}},"47":{"start":{"line":106,"column":4},"end":{"line":124,"column":5}},"48":{"start":{"line":108,"column":8},"end":{"line":108,"column":35}},"49":{"start":{"line":109,"column":8},"end":{"line":109,"column":14}},"50":{"start":{"line":111,"column":8},"end":{"line":111,"column":44}},"51":{"start":{"line":112,"column":8},"end":{"line":112,"column":14}},"52":{"start":{"line":114,"column":8},"end":{"line":114,"column":37}},"53":{"start":{"line":115,"column":8},"end":{"line":115,"column":14}},"54":{"start":{"line":117,"column":8},"end":{"line":117,"column":36}},"55":{"start":{"line":118,"column":8},"end":{"line":118,"column":14}},"56":{"start":{"line":120,"column":8},"end":{"line":120,"column":47}},"57":{"start":{"line":121,"column":8},"end":{"line":121,"column":14}},"58":{"start":{"line":123,"column":8},"end":{"line":123,"column":61}},"59":{"start":{"line":128,"column":4},"end":{"line":137,"column":5}},"60":{"start":{"line":130,"column":8},"end":{"line":130,"column":24}},"61":{"start":{"line":131,"column":8},"end":{"line":131,"column":14}},"62":{"start":{"line":133,"column":8},"end":{"line":133,"column":33}},"63":{"start":{"line":134,"column":8},"end":{"line":134,"column":14}},"64":{"start":{"line":136,"column":8},"end":{"line":136,"column":71}},"65":{"start":{"line":141,"column":19},"end":{"line":141,"column":63}},"66":{"start":{"line":142,"column":4},"end":{"line":142,"column":59}},"67":{"start":{"line":142,"column":20},"end":{"line":142,"column":59}},"68":{"start":{"line":143,"column":4},"end":{"line":143,"column":24}},"69":{"start":{"line":147,"column":0},"end":{"line":147,"column":22}}},"fnMap":{"0":{"name":"(anonymous_0)","decl":{"start":{"line":14,"column":2},"end":{"line":14,"column":3}},"loc":{"start":{"line":14,"column":26},"end":{"line":26,"column":3}},"line":14},"1":{"name":"(anonymous_1)","decl":{"start":{"line":20,"column":20},"end":{"line":20,"column":21}},"loc":{"start":{"line":20,"column":36},"end":{"line":23,"column":5}},"line":20},"2":{"name":"(anonymous_2)","decl":{"start":{"line":28,"column":2},"end":{"line":28,"column":3}},"loc":{"start":{"line":28,"column":22},"end":{"line":31,"column":3}},"line":28},"3":{"name":"(anonymous_3)","decl":{"start":{"line":33,"column":2},"end":{"line":33,"column":3}},"loc":{"start":{"line":33,"column":20},"end":{"line":35,"column":3}},"line":33},"4":{"name":"(anonymous_4)","decl":{"start":{"line":36,"column":2},"end":{"line":36,"column":3}},"loc":{"start":{"line":36,"column":24},"end":{"line":38,"column":3}},"line":36},"5":{"name":"(anonymous_5)","decl":{"start":{"line":39,"column":2},"end":{"line":39,"column":3}},"loc":{"start":{"line":39,"column":24},"end":{"line":41,"column":3}},"line":39},"6":{"name":"(anonymous_6)","decl":{"start":{"line":42,"column":2},"end":{"line":42,"column":3}},"loc":{"start":{"line":42,"column":18},"end":{"line":44,"column":3}},"line":42},"7":{"name":"(anonymous_7)","decl":{"start":{"line":45,"column":2},"end":{"line":45,"column":3}},"loc":{"start":{"line":45,"column":34},"end":{"line":50,"column":3}},"line":45},"8":{"name":"(anonymous_8)","decl":{"start":{"line":51,"column":2},"end":{"line":51,"column":3}},"loc":{"start":{"line":51,"column":49},"end":{"line":65,"column":3}},"line":51},"9":{"name":"(anonymous_9)","decl":{"start":{"line":66,"column":2},"end":{"line":66,"column":3}},"loc":{"start":{"line":66,"column":22},"end":{"line":68,"column":3}},"line":66},"10":{"name":"(anonymous_10)","decl":{"start":{"line":69,"column":2},"end":{"line":69,"column":3}},"loc":{"start":{"line":69,"column":54},"end":{"line":75,"column":3}},"line":69},"11":{"name":"(anonymous_11)","decl":{"start":{"line":76,"column":2},"end":{"line":76,"column":3}},"loc":{"start":{"line":76,"column":13},"end":{"line":88,"column":3}},"line":76},"12":{"name":"(anonymous_12)","decl":{"start":{"line":90,"column":2},"end":{"line":90,"column":3}},"loc":{"start":{"line":90,"column":14},"end":{"line":96,"column":3}},"line":90},"13":{"name":"(anonymous_13)","decl":{"start":{"line":98,"column":2},"end":{"line":98,"column":3}},"loc":{"start":{"line":98,"column":15},"end":{"line":125,"column":3}},"line":98},"14":{"name":"(anonymous_14)","decl":{"start":{"line":127,"column":2},"end":{"line":127,"column":3}},"loc":{"start":{"line":127,"column":17},"end":{"line":138,"column":3}},"line":127},"15":{"name":"(anonymous_15)","decl":{"start":{"line":140,"column":2},"end":{"line":140,"column":3}},"loc":{"start":{"line":140,"column":15},"end":{"line":144,"column":3}},"line":140}},"branchMap":{"0":{"loc":{"start":{"line":15,"column":4},"end":{"line":16,"column":19}},"type":"if","locations":[{"start":{"line":15,"column":4},"end":{"line":16,"column":19}},{"start":{"line":15,"column":4},"end":{"line":16,"column":19}}],"line":15},"1":{"loc":{"start":{"line":15,"column":8},"end":{"line":15,"column":74}},"type":"binary-expr","locations":[{"start":{"line":15,"column":8},"end":{"line":15,"column":29}},{"start":{"line":15,"column":33},"end":{"line":15,"column":54}},{"start":{"line":15,"column":58},"end":{"line":15,"column":74}}],"line":15},"2":{"loc":{"start":{"line":22,"column":6},"end":{"line":22,"column":58}},"type":"if","locations":[{"start":{"line":22,"column":6},"end":{"line":22,"column":58}},{"start":{"line":22,"column":6},"end":{"line":22,"column":58}}],"line":22},"3":{"loc":{"start":{"line":56,"column":4},"end":{"line":64,"column":5}},"type":"if","locations":[{"start":{"line":56,"column":4},"end":{"line":64,"column":5}},{"start":{"line":56,"column":4},"end":{"line":64,"column":5}}],"line":56},"4":{"loc":{"start":{"line":67,"column":11},"end":{"line":67,"column":79}},"type":"binary-expr","locations":[{"start":{"line":67,"column":11},"end":{"line":67,"column":24}},{"start":{"line":67,"column":28},"end":{"line":67,"column":46}},{"start":{"line":67,"column":50},"end":{"line":67,"column":79}}],"line":67},"5":{"loc":{"start":{"line":71,"column":6},"end":{"line":73,"column":37}},"type":"binary-expr","locations":[{"start":{"line":71,"column":6},"end":{"line":71,"column":33}},{"start":{"line":72,"column":6},"end":{"line":72,"column":36}},{"start":{"line":73,"column":6},"end":{"line":73,"column":37}}],"line":71},"6":{"loc":{"start":{"line":80,"colum
[...]
:29,"column":47}},"loc":{"start":{"line":29,"column":61},"end":{"line":32,"column":1}},"line":29},"6":{"name":"(anonymous_6)","decl":{"start":{"line":33,"column":49},"end":{"line":33,"column":50}},"loc":{"start":{"line":33,"column":67},"end":{"line":35,"column":1}},"line":33},"7":{"name":"(anonymous_7)","decl":{"start":{"line":37,"column":36},"end":{"line":37,"column":37}},"loc":{"start":{"line":37,"column":48},"end":{"line":39,"column":1}},"line":37},"8":{"name":"(anonymous_8)","decl":{"start":{"line":41,"column":35},"end":{"line":41,"column":36}},"loc":{"start":{"line":41,"column":47},"end":{"line":45,"column":1}},"line":41}},"branchMap":{},"s":{"0":1,"1":1,"2":1,"3":1,"4":1,"5":6,"6":1,"7":3,"8":1,"9":1,"10":1,"11":1,"12":1,"13":1,"14":1,"15":1,"16":2,"17":1,"18":1,"19":1,"20":3,"21":1,"22":3,"23":3},"f":{"0":6,"1":3,"2":1,"3":1,"4":1,"5":2,"6":1,"7":3,"8":3},"b":{},"_coverageSchema":"1a1c01bbd47fc00a2c39e90264f33305004495a9","hash":"d2b20e1d1ca810bfeec3d295c23084488e8ae22c","contentHash":"dfe94c9ec9dffad30ea51ac9ce434537730683d004843a53e8797281471f4e59"},"C:\\Users\\alaae\\OneDrive\\Desktop\\sonar cloud tester\\sonar-cloud-testing\\JS-Files\\startP.js":{"path":"C:\\Users\\alaae\\OneDrive\\Desktop\\sonar cloud tester\\sonar-cloud-testing\\JS-Files\\startP.js","statementMap":{"0":{"start":{"line":1,"column":21},"end":{"line":1,"column":45}},"1":{"start":{"line":2,"column":13},"end":{"line":2,"column":33}},"2":{"start":{"line":4,"column":23},"end":{"line":4,"column":50}},"3":{"start":{"line":5,"column":18},"end":{"line":5,"column":47}},"4":{"start":{"line":6,"column":14},"end":{"line":6,"column":32}},"5":{"start":{"line":9,"column":13},"end":{"line":9,"column":14}},"6":{"start":{"line":10,"column":17},"end":{"line":10,"column":46}},"7":{"start":{"line":12,"column":4},"end":{"line":15,"column":30}},"8":{"start":{"line":19,"column":4},"end":{"line":19,"column":22}},"9":{"start":{"line":22,"column":4},"end":{"line":22,"column":22}},"10":{"start":{"line":25,"column":4},"end":{"line":25,"column":23}},"11":{"start":{"line":28,"column":19},"end":{"line":28,"column":65}},"12":{"start":{"line":29,"column":4},"end":{"line":29,"column":56}},"13":{"start":{"line":29,"column":20},"end":{"line":29,"column":56}},"14":{"start":{"line":30,"column":4},"end":{"line":30,"column":25}},"15":{"start":{"line":33,"column":4},"end":{"line":33,"column":27}},"16":{"start":{"line":34,"column":4},"end":{"line":47,"column":5}},"17":{"start":{"line":36,"column":8},"end":{"line":36,"column":23}},"18":{"start":{"line":37,"column":8},"end":{"line":37,"column":14}},"19":{"start":{"line":39,"column":8},"end":{"line":39,"column":25}},"20":{"start":{"line":40,"column":8},"end":{"line":40,"column":14}},"21":{"start":{"line":42,"column":8},"end":{"line":42,"column":24}},"22":{"start":{"line":43,"column":8},"end":{"line":43,"column":14}},"23":{"start":{"line":45,"column":8},"end":{"line":45,"column":26}},"24":{"start":{"line":46,"column":8},"end":{"line":46,"column":14}},"25":{"start":{"line":51,"column":0},"end":{"line":51,"column":24}}},"fnMap":{"0":{"name":"(anonymous_0)","decl":{"start":{"line":11,"column":2},"end":{"line":11,"column":3}},"loc":{"start":{"line":11,"column":14},"end":{"line":16,"column":3}},"line":11},"1":{"name":"(anonymous_1)","decl":{"start":{"line":18,"column":2},"end":{"line":18,"column":3}},"loc":{"start":{"line":18,"column":12},"end":{"line":20,"column":3}},"line":18},"2":{"name":"(anonymous_2)","decl":{"start":{"line":21,"column":2},"end":{"line":21,"column":3}},"loc":{"start":{"line":21,"column":14},"end":{"line":23,"column":3}},"line":21},"3":{"name":"(anonymous_3)","decl":{"start":{"line":24,"column":2},"end":{"line":24,"column":3}},"loc":{"start":{"line":24,"column":13},"end":{"line":26,"column":3}},"line":24},"4":{"name":"(anonymous_4)","decl":{"start":{"line":27,"column":2},"end":{"line":27,"column":3}},"loc":{"start":{"line":27,"column":15},"end":{"line":31,"column":3}},"line":27},"5":{"name":"(anonymous_5)","decl":{"start":{"line":32,"column":2},"end":{"line":32,"column":3}},"loc":{"start":{"line":32,"column":17},"end":{"line":48,"column":3}},"line":32}},"branchMap":{"0":{"loc":{"start":{"line":29,"column":4},"end":{"line":29,"column":56}},"type":"if","locations":[{"start":{"line":29,"column":4},"end":{"line":29,"column":56}},{"start":{"line":29,"column":4},"end":{"line":29,"column":56}}],"line":29},"1":{"loc":{"start":{"line":34,"column":4},"end":{"line":47,"column":5}},"type":"switch","locations":[{"start":{"line":35,"column":6},"end":{"line":37,"column":14}},{"start":{"line":38,"column":6},"end":{"line":40,"column":14}},{"start":{"line":41,"column":6},"end":{"line":43,"column":14}},{"start":{"line":44,"column":6},"end":{"line":46,"column":14}}],"line":34}},"s":{"0":1,"1":1,"2":1,"3":1,"4":1,"5":1,"6":1,"7":0,"8":2,"9":1,"10":1,"11":0,"12":0,"13":0,"14":0,"15":6,"16":6,"17":1,"18":1,"19":1,"20":1,"21":1,"22":1,"23":3,"24":3,"25":1},"f":{"0":0,"1":2,"2":1,"3":1,"4":0,"5":6},"b":{"0":[0,0],"1":[1,1,1,3]},"_coverageSchema":"1a1c01bbd47fc00a2c39e90264f33305004495a9","hash":"8328a8f45e2416a7163d16f9ef51f6c88426e52f","contentHash":"e6187b0fd0db10ea5548f464325d143b656203f87c47e743a635bbc250397f65"},"C:\\Users\\alaae\\OneDrive\\Desktop\\sonar cloud tester\\sonar-cloud-testing\\features\\user.js":{"path":"C:\\Users\\alaae\\OneDrive\\Desktop\\sonar cloud tester\\sonar-cloud-testing\\features\\user.js","statementMap":{"0":{"start":{"line":1,"column":30},"end":{"line":1,"column":59}},"1":{"start":{"line":2,"column":15},"end":{"line":2,"column":32}},"2":{"start":{"line":3,"column":14},"end":{"line":3,"column":42}},"3":{"start":{"line":4,"column":11},"end":{"line":4,"column":22}},"4":{"start":{"line":6,"column":0},"end":{"line":8,"column":3}},"5":{"start":{"line":7,"column":2},"end":{"line":7,"column":18}},"6":{"start":{"line":10,"column":0},"end":{"line":12,"column":3}},"7":{"start":{"line":11,"column":2},"end":{"line":11,"column":19}},"8":{"start":{"line":14,"column":0},"end":{"line":16,"column":3}},"9":{"start":{"line":15,"column":2},"end":{"line":15,"column":33}},"10":{"start":{"line":18,"column":0},"end":{"line":20,"column":3}},"11":{"start":{"line":19,"column":2},"end":{"line":19,"column":33}},"12":{"start":{"line":22,"column":0},"end":{"line":24,"column":3}},"13":{"start":{"line":23,"column":2},"end":{"line":23,"column":33}},"14":{"start":{"line":26,"column":0},"end":{"line":28,"column":3}},"15":{"start":{"line":27,"column":2},"end":{"line":27,"column":24}},"16":{"start":{"line":30,"column":0},"end":{"line":32,"column":3}},"17":{"start":{"line":31,"column":2},"end":{"line":31,"column":19}},"18":{"start":{"line":34,"column":0},"end":{"line":36,"column":3}},"19":{"start":{"line":35,"column":2},"end":{"line":35,"column":31}},"20":{"start":{"line":38,"column":0},"end":{"line":40,"column":3}},"21":{"start":{"line":39,"column":2},"end":{"line":39,"column":20}}},"fnMap":{"0":{"name":"(anonymous_0)","decl":{"start":{"line":6,"column":43},"end":{"line":6,"column":44}},"loc":{"start":{"line":6,"column":55},"end":{"line":8,"column":1}},"line":6},"1":{"name":"(anonymous_1)","decl":{"start":{"line":10,"column":36},"end":{"line":10,"column":37}},"loc":{"start":{"line":10,"column":54},"end":{"line":12,"column":1}},"line":10},"2":{"name":"(anonymous_2)","decl":{"start":{"line":14,"column":51},"end":{"line":14,"column":52}},"loc":{"start":{"line":14,"column":63},"end":{"line":16,"column":1}},"line":14},"3":{"name":"(anonymous_3)","decl":{"start":{"line":18,"column":34},"end":{"line":18,"column":35}},"loc":{"start":{"line":18,"column":46},"end":{"line":20,"column":1}},"line":18},"4":{"name":"(anonymous_4)","decl":{"start":{"line":22,"column":50},"end":{"line":22,"column":51}},"loc":{"start":{"line":22,"column":62},"end":{"line":24,"column":1}},"line":22},"5":{"name":"(anonymous_5)","decl":{"start":{"line":26,"column":42},"end":{"line":26,"column":43}},"loc":{"start":{"line":26,"column":57},"end":{"line":28,"column":1}},"line":26},"6":{"name":"(anonymous_6)","decl":{"start":{"line":30,"column":45},"end":{"line":30,"column":46}},"loc":{"start":{"line":30,"column":63},"end":{"line":32,"column":1}},"line":30},"7":{"name":"(anonymous_7)","decl":{"start":{"line":34,"column":47},"end":{"line":34,"column":48}},"loc":{"start":{"line":34,"column":59},"end":{"line":36,"column":1}},"line":34},"8":{"name":"(anonymous_8)","decl":{"start":{"line":38,"column":37},"end":{"line":38,"column":38}},"loc":{"start":{"line":38,"column":49},"end":{"line":40,"column":1}},"line":38}},"branchMap":{},"s":{"0":1,"1":1,"2":1,"3":1,"4":1,"5":6,"6":1,"7":3,"8":1,"9":1,"10":1,"11":1,"12":1,"13":1,"14":1,"15":2,"16":1,"17":1,"18":1,"19":3,"20":1,"21":3},"f":{"0":6,"1":3,"2":1,"3":1,"4":1,"5":2,"6":1,"7":3,"8":3},"b":{},"_coverageSchema":"1a1c01bbd47fc00a2c39e90264f33305004495a9","hash":"0dc712a2360d26b1cc7666b47ed018fc99cc006a","contentHash":"d0c32e3a0c23ec83830f927e78ebaa6b429234d27f108ef15d1f0be5a03ee302"},"C:\\Users\\alaae\\OneDrive\\Desktop\\sonar cloud tester\\sonar-cloud-testing\\JS-Files\\userP.js":{"path":"C:\\Users\\alaae\\OneDrive\\Desktop\\sonar cloud tester\\sonar-cloud-testing\\JS-Files\\userP.js","statementMap":{"0":{"start":{"line":1,"column":21},"end":{"line":1,"column":45}},"1":{"start":{"line":2,"column":13},"end":{"line":2,"column":40}},"2":{"start":{"line":4,"column":13},"end":{"line":4,"column":14}},"3":{"start":{"line":5,"column":17},"end":{"line":5,"column":68}},"4":{"start":{"line":7,"column":4},"end":{"line":7,"column":12}},"5":{"start":{"line":8,"column":4},"end":{"line":8,"column":20}},"6":{"start":{"line":11,"column":4},"end":{"line":14,"column":44}},"7":{"start":{"line":18,"column":4},"end":{"line":18,"column":22}},"8":{"start":{"line":21,"column":4},"end":{"line":21,"column":22}},"9":{"start":{"line":24,"column":4},"end":{"line":24,"column":22}},"10":{"start":{"line":27,"column":4},"end":{"line":40,"column":5}},"11":{"start":{"line":29,"column":8},"end":{"line":29,"column":29}},"12":{"start":{"line":30,"column":8},"end":{"line":30,"column":14}},"13":{"start":{"line":32,"column":8},"end":{"line":32,"column":31}},"14":{"start":{"line":33,"column":8},"end":{"line":33,"column":14}},"15":{"start":{"line":35,"column":8},"end":{"line":35,"column":32}},"16":{"start":{"line":36,"column":8},"end":{"line":36,"column":14}},"17":{"start":{"line":38,"column":8},"end":{"line":38,"column":26}},"18":{"start":{"line":39,"column":8},"end":{"line":39,"column":14}},"19":{"start":{"line":44,"column":19},"end":{"line":44,"column":65}},"20":{"start":{"line":45,"column":4},"end":{"line":45,"column":56}},"21":{"start":{"line":45,"column":20},"end":{"line":45,"column":56}},"22":{"start":{"line":46,"column":4},"end":{"line":46,"column":25}},"23":{"start":{"line":50,"column":4},"end":{"line":50,"column":22}},"24":{"start":{"line":54,"column":0},"end":{"line":54,"column":23}}},"fnMap":{"0":{"name":"(anonymous_0)","decl":{"start":{"line":6,"column":2},"end":{"line":6,"column":3}},"loc":{"start":{"line":6,"column":16},"end":{"line":9,"column":3}},"line":6},"1":{"name":"(anonymous_1)","decl":{"start":{"line":10,"column":2},"end":{"line":10,"column":3}},"loc":{"start":{"line":10,"column":14},"end":{"line":15,"column":3}},"line":10},"2":{"name":"(anonymous_2)","decl":{"start":{"line":17,"column":2},"end":{"line":17,"column":3}},"loc":{"start":{"line":17,"column":18},"end":{"line":19,"column":3}},"line":17},"3":{"name":"(anonymous_3)","decl":{"start":{"line":20,"column":2},"end":{"line":20,"column":3}},"loc":{"start":{"line":20,"column":20},"end":{"line":22,"column":3}},"line":20},"4":{"name":"(anonymous_4)","decl":{"start":{"line":23,"column":2},"end":{"line":23,"column":3}},"loc":{"start":{"line":23,"column":21},"end":{"line":25,"column":3}},"line":23},"5":{"name":"(anonymous_5)","decl":{"start":{"line":26,"column":2},"end":{"line":26,"column":3}},"loc":{"start":{"line":26,"column":17},"end":{"line":41,"column":3}},"line":26},"6":{"name":"(anonymous_6)","decl":{"start":{"line":43,"column":2},"end":{"line":43,"column":3}},"loc":{"start":{"line":43,"column":15},"end":{"line":47,"column":3}},"line":43},"7":{"name":"(anonymous_7)","decl":{"start":{"line":49,"column":2},"end":{"line":49,"column":3}},"loc":{"start":{"line":49,"column":15},"end":{"line":51,"column":3}},"line":49}},"branchMap":{"0":{"loc":{"start":{"line":27,"column":4},"end":{"line":40,"column":5}},"type":"switch","locations":[{"start":{"line":28,"column":6},"end":{"line":30,"column":14}},{"start":{"line":31,"column":6},"end":{"line":33,"column":14}},{"start":{"line":34,"column":6},"end":{"line":36,"column":14}},{"start":{"line":37,"column":6},"end":{"line":39,"column":14}}],"line":27},"1":{"loc":{"start":{"line":45,"column":4},"end":{"line":45,"column":56}},"type":"if","locations":[{"start":{"line":45,"column":4},"end":{"line":45,"column":56}},{"start":{"line":45,"column":4},"end":{"line":45,"column":56}}],"line":45}},"s":{"0":1,"1":1,"2":1,"3":1,"4":1,"5":1,"6":0,"7":1,"8":1,"9":1,"10":6,"11":1,"12":1,"13":1,"14":1,"15":1,"16":1,"17":3,"18":3,"19":0,"20":0,"21":0,"22":0,"23":6,"24":1},"f":{"0":1,"1":0,"2":1,"3":1,"4":1,"5":6,"6":0,"7":6},"b":{"0":[1,1,1,3],"1":[0,0]},"_coverageSchema":"1a1c01bbd47fc00a2c39e90264f33305004495a9","hash":"8ce9e002eed17cf3e14723ccf50981c30bbef530","contentHash":"418037b68e1845d2fe2d0ececd2039860d6cb7d51cc164a304f0cf5e395cf07c"},"C:\\Users\\alaae\\OneDrive\\Desktop\\sonar cloud tester\\sonar-cloud-testing\\features\\venue.js":{"path":"C:\\Users\\alaae\\OneDrive\\Desktop\\sonar cloud tester\\sonar-cloud-testing\\features\\venue.js","statementMap":{"0":{"start":{"line":1,"column":30},"end":{"line":1,"column":59}},"1":{"start":{"line":2,"column":15},"end":{"line":2,"column":32}},"2":{"start":{"line":3,"column":18},"end":{"line":3,"column":46}},"3":{"start":{"line":4,"column":12},"end":{"line":4,"column":27}},"4":{"start":{"line":5,"column":11},"end":{"line":5,"column":45}},"5":{"start":{"line":6,"column":0},"end":{"line":6,"column":10}},"6":{"start":{"line":7,"column":0},"end":{"line":10,"column":3}},"7":{"start":{"line":8,"column":2},"end":{"line":8,"column":19}},"8":{"start":{"line":9,"column":2},"end":{"line":9,"column":27}},"9":{"start":{"line":12,"column":0},"end":{"line":15,"column":3}},"10":{"start":{"line":13,"column":2},"end":{"line":13,"column":20}},"11":{"start":{"line":14,"column":2},"end":{"line":14,"column":51}},"12":{"start":{"line":17,"column":0},"end":{"line":19,"column":3}},"13":{"start":{"line":18,"column":2},"end":{"line":18,"column":20}},"14":{"start":{"line":21,"column":0},"end":{"line":23,"column":3}},"15":{"start":{"line":22,"column":2},"end":{"line":22,"column":19}},"16":{"start":{"line":25,"column":0},"end":{"line":27,"column":3}},"17":{"start":{"line":26,"column":2},"end":{"line":26,"column":28}},"18":{"start":{"line":29,"column":0},"end":{"line":38,"column":3}},"19":{"start":{"line":30,"column":2},"end":{"line":37,"column":4}},"20":{"start":{"line":40,"column":0},"end":{"line":42,"column":3}},"21":{"start":{"line":41,"column":2},"end":{"line":41,"column":22}},"22":{"start":{"line":44,"column":0},"end":{"line":46,"column":3}},"23":{"start":{"line":45,"column":2},"end":{"line":45,"column":73}},"24":{"start":{"line":48,"column":0},"end":{"line":55,"column":2}},"25":{"start":{"line":51,"column":20},"end":{"line":51,"column":41}},"26":{"start":{"line":52,"column":4},"end":{"line":52,"column":74}},"27":{"start":{"line":57,"column":0},"end":{"line":60,"column":3}},"28":{"start":{"line":58,"column":18},"end":{"line":58,"column":39}},"29":{"start":{"line":59,"column":2},"end":{"line":59,"column":72}},"30":{"start":{"line":62,"column":0},"end":{"line":65,"column":3}},"31":{"start":{"line":63,"column":18},"end":{"line":63,"column":39}},"32":{"start":{"line":64,"column":2},"end":{"line":64,"column":66}},"33":{"start":{"line":67,"column":0},"end":{"line":69,"column":3}},"34":{"start":{"line":68,"column":2},"end":{"line":68,"column":27}},"35":{"start":{"line":71,"column":0},"end":{"line":73,"column":3}},"36":{"start":{"line":72,"column":2},"end":{"line":72,"column":27}},"37":{"start":{"line":75,"column":0},"end":{"line":75,"column":56}},"38":{"start":{"line":77,"column":0},"end":{"line":80,"column":3}},"39":{"start":{"line":78,"column":2},"end":{"line":78,"column":38}},"40":{"start":{"line":79,"column":2},"end":{"line":79,"column":22}},"41":{"start":{"line":82,"column":0},"end":{"line":88,"column":2}},"42":{"start":{"line":85,"column":4},"end":{"line":85,"column":43}},"43":{"start":{"line":86,"column":4},"end":{"line":86,"column":24}}},"fnMap":{"0":{"name":"(anonymous_0)","decl":{"start":{"line":7,"column":41},"end":{"line":7,"column":42}},"loc":{"start":{"line":7,"column":53},"end":{"line":10,"column":1}},"line":7},"1":{"name":"(anonymous_1)","decl":{"start":{"line":12,"column":42},"end":{"line":12,"column":43}},"loc":{"start":{"line":12,"column":60},"end":{"line":15,"column":1}},"line":12},"2":{"name":"(anonymous_2)","decl":{"start":{"line":17,"column":37},"end":{"line":17,"column":38}},"loc":{"start":{"line":17,"column":49},"end":{"line":19,"column":1}},"line":17},"3":{"name":"(anonymous_3)","decl":{"start":{"line":21,"column":34},"end":{"line":21,"column":35}},"loc":{"start":{"line":21,"column":46},"end":{"line":23,"column":1}},"line":21},"4":{"name":"(anonymous_4)","decl":{"start":{"line":25,"column":48},"end":{"line":25,"column":49}},"loc":{"start":{"line":25,"column":60},"end":{"line":27,"column":1}},"line":25},"5":{"name":"(anonymous_5)","decl":{"start":{"line":29,"column":31},"end":{"line":29,"column":32}},"loc":{"start":{"line":29,"column":43},"end":{"line":38,"column":1}},"line":29},"6":{"name":"(anonymous_6)","decl":{"start":{"line":40,"column":32},"end":{"line":40,"column":33}},"loc":{"start":{"line":40,"column":50},"end":{"line":42,"column":1}},"line":40},"7":{"name":"(anonymous_7)","decl":{"start":{"line":44,"column":34},"end":{"line":44,"column":35}},"loc":{"start":{"line":44,"column":46},"end":{"line":46,"column":1}},"line":44},"8":{"name":"(anonymous_8)","decl":{"start":{"line":50,"column":2},"end":{"line":50,"column":3}},"loc":{"start":{"line":50,"column":14},"end":{"line":54,"column":3}},"line":50},"9":{"name":"(anonymous_9)","decl":{"start":{"line":57,"column":58},"end":{"line":57,"column":59}},"loc":{"start":{"line":57,"column":70},"end":{"line":60,"column":1}},"line":57},"10":{"name":"(anonymous_10)","decl":{"start":{"line":62,"column":58},"end":{"line":62,"column":59}},"loc":{"start":{"line":62,"column":70},"end":{"line":65,"column":1}},"line":62},"11":{"name":"(anonymous_11)","decl":{"start":{"line":67,"column":31},"end":{"line":67,"column":32}},"loc":{"start":{"line":67,"column":43},"end":{"line":69,"column":1}},"line":67},"12":{"name":"(anonymous_12)","decl":{"start":{"line":71,"column":46},"end":{"line":71,"column":47}},"loc":{"start":{"line":71,"column":58},"end":{"line":73,"column":1}},"line":71},"13":{"name":"(anonymous_13)","decl":{"start":{"line":75,"column":40},"end":{"line":75,"column":41}},"loc":{"start":{"line":75,"column":52},"end":{"line":75,"column":54}},"line":75},"14":{"name":"(anonymous_14)","decl":{"start":{"line":77,"column":60},"end":{"line":77,"column":61}},"loc":{"start":{"line":77,"column":75},"end":{"line":80,"column":1}},"line":77},"15":{"name":"(anonymous_15)","decl":{"start":{"line":84,"column":2},"end":{"line":84,"column":3}},"loc":{"start":{"line":84,"column":20},"end":{"line":87,"column":3}},"line":84}},"branchMap":{},"s":{"0":1,"1":1,"2":1,"3":1,"4":1,"5":1,"6":1,"7":12,"8":12,"9":1,"10":7,"11":7,"12":1,"13":1,"14":1,"15":11,"16":1,"17":2,"18":1,"19":1,"20":1,"21":7,"22":1,"23":1,"24":1,"25":1,"26":1,"27":1,"28":1,"29":1,"30":1,"31":1,"32":1,"33":1,"34":1,"35":1,"36":1,"37":1,"38":1,"39":2,"40":2,"41":1,"42":1,"43":1},"f":{"0":12,"1":7,"2":1,"3":11,"4":2,"5":1,"6":7,"7":1,"8":1,"9":1,"10":1,"11":1,"12":1,"13":1,"14":2,"15":1},"b":{},"_coverageSchema":"1a1c01bbd47fc00a2c39e90264f33305004495a9","hash":"d6173f10dc825c8f68b7f8f47ae148100644be67","contentHash":"b9007558ac26dd0d44370682d181c542842ba7427775b993455a6ed9c89506cd"}}