TN:
SF:main.js
FNF:0
FNH:0
LF:0
LH:0
BRF:0
BRH:0
end_of_record
TN:
SF:JS-Files\EventManagementPage.js
FN:28,(anonymous_0)
FN:39,(anonymous_1)
FN:49,(anonymous_2)
FN:52,(anonymous_3)
FN:55,(anonymous_4)
FN:58,(anonymous_5)
FN:61,(anonymous_6)
FN:64,(anonymous_7)
FN:67,(anonymous_8)
FN:70,(anonymous_9)
FN:73,(anonymous_10)
FN:77,(anonymous_11)
FN:84,(anonymous_12)
FN:87,(anonymous_13)
FN:96,(anonymous_14)
FN:104,(anonymous_15)
FN:148,(anonymous_16)
FN:186,(anonymous_17)
FN:195,(anonymous_18)
FN:206,(anonymous_19)
FN:210,(anonymous_20)
FN:234,(anonymous_21)
FN:255,(anonymous_22)
FN:270,(anonymous_23)
FN:289,(anonymous_24)
FN:295,(anonymous_25)
FNF:26
FNH:10
FNDA:8,(anonymous_0)
FNDA:1,(anonymous_1)
FNDA:0,(anonymous_2)
FNDA:0,(anonymous_3)
FNDA:0,(anonymous_4)
FNDA:0,(anonymous_5)
FNDA:0,(anonymous_6)
FNDA:0,(anonymous_7)
FNDA:0,(anonymous_8)
FNDA:0,(anonymous_9)
FNDA:0,(anonymous_10)
FNDA:10,(anonymous_11)
FNDA:42,(anonymous_12)
FNDA:6,(anonymous_13)
FNDA:4,(anonymous_14)
FNDA:3,(anonymous_15)
FNDA:3,(anonymous_16)
FNDA:0,(anonymous_17)
FNDA:2,(anonymous_18)
FNDA:0,(anonymous_19)
FNDA:10,(anonymous_20)
FNDA:0,(anonymous_21)
FNDA:0,(anonymous_22)
FNDA:0,(anonymous_23)
FNDA:0,(anonymous_24)
FNDA:0,(anonymous_25)
DA:1,1
DA:2,1
DA:3,1
DA:4,1
DA:5,1
DA:6,1
DA:7,1
DA:10,1
DA:11,1
DA:12,1
DA:13,1
DA:14,1
DA:15,1
DA:16,1
DA:17,1
DA:18,1
DA:20,1
DA:29,8
DA:37,1
DA:38,1
DA:40,1
DA:41,1
DA:43,1
DA:44,1
DA:46,1
DA:47,1
DA:50,0
DA:53,0
DA:56,0
DA:59,0
DA:62,0
DA:65,0
DA:68,0
DA:71,0
DA:74,0
DA:78,10
DA:79,10
DA:80,10
DA:81,0
DA:85,42
DA:88,6
DA:97,4
DA:115,3
DA:125,1
DA:136,1
DA:137,2
DA:142,1
DA:144,1
DA:159,3
DA:163,2
DA:174,2
DA:175,1
DA:180,1
DA:182,0
DA:187,0
DA:188,0
DA:189,0
DA:191,0
DA:196,2
DA:197,1
DA:198,1
DA:199,1
DA:200,1
DA:202,0
DA:207,0
DA:211,10
DA:212,10
DA:213,10
DA:214,10
DA:215,10
DA:216,10
DA:217,10
DA:218,10
DA:219,10
DA:222,1
DA:235,0
DA:236,0
DA:237,0
DA:238,0
DA:239,0
DA:240,0
DA:241,0
DA:242,0
DA:243,0
DA:244,0
DA:245,0
DA:246,0
DA:247,0
DA:248,0
DA:249,0
DA:250,0
DA:251,0
DA:252,0
DA:253,0
DA:256,0
DA:257,0
DA:271,0
DA:272,0
DA:273,0
DA:274,0
DA:286,0
DA:290,0
DA:291,0
DA:292,0
DA:296,0
DA:298,0
DA:299,0
DA:301,0
DA:302,0
DA:304,0
DA:305,0
DA:307,0
DA:308,0
DA:310,0
DA:311,0
DA:313,0
DA:314,0
DA:319,1
LF:118
LH:59
BRDA:78,0,0,10
BRDA:78,0,1,0
BRDA:78,1,0,10
BRDA:78,1,1,10
BRDA:78,1,2,10
BRDA:85,2,0,42
BRDA:85,2,1,42
BRDA:85,2,2,42
BRDA:89,3,0,6
BRDA:89,3,1,6
BRDA:89,3,2,4
BRDA:89,3,3,4
BRDA:89,3,4,4
BRDA:98,4,0,4
BRDA:98,4,1,4
BRDA:98,4,2,4
BRDA:98,4,3,4
BRDA:115,5,0,1
BRDA:115,5,1,2
BRDA:116,6,0,3
BRDA:116,6,1,2
BRDA:116,6,2,2
BRDA:137,7,0,1
BRDA:137,7,1,1
BRDA:138,8,0,2
BRDA:138,8,1,2
BRDA:138,8,2,1
BRDA:159,9,0,2
BRDA:159,9,1,1
BRDA:175,10,0,1
BRDA:175,10,1,0
BRDA:176,11,0,1
BRDA:176,11,1,1
BRDA:176,11,2,1
BRDA:188,12,0,0
BRDA:188,12,1,0
BRDA:196,13,0,1
BRDA:196,13,1,1
BRDA:196,14,0,2
BRDA:196,14,1,1
BRDA:199,15,0,1
BRDA:199,15,1,0
BRDA:272,16,0,0
BRDA:272,16,1,0
BRDA:291,17,0,0
BRDA:291,17,1,0
BRDA:296,18,0,0
BRDA:296,18,1,0
BRDA:296,18,2,0
BRDA:296,18,3,0
BRDA:296,18,4,0
BRDA:296,18,5,0
BRF:52
BRH:37
end_of_record
TN:
SF:JS-Files\Page.js
FN:4,(anonymous_0)
FN:8,(anonymous_1)
FN:11,(anonymous_2)
FN:14,(anonymous_3)
FNF:4
FNH:3
FNDA:10,(anonymous_0)
FNDA:5,(anonymous_1)
FNDA:183,(anonymous_2)
FNDA:0,(anonymous_3)
DA:2,10
DA:5,10
DA:9,5
DA:12,183
DA:15,0
DA:19,1
LF:6
LH:5
BRF:0
BRH:0
end_of_record
TN:
SF:JS-Files\SharedData.js
FNF:0
FNH:0
DA:6,1
DA:9,1
LF:2
LH:2
BRF:0
BRH:0
end_of_record
TN:
SF:JS-Files\businessAccountP.js
FN:15,(anonymous_0)
FN:20,(anonymous_1)
FN:21,(anonymous_2)
FN:35,(anonymous_3)
FN:39,(anonymous_4)
FN:42,(anonymous_5)
FN:47,(anonymous_6)
FN:57,(anonymous_7)
FN:81,(anonymous_8)
FNF:9
FNH:5
FNDA:0,(anonymous_0)
FNDA:1,(anonymous_1)
FNDA:6,(anonymous_2)
FNDA:1,(anonymous_3)
FNDA:1,(anonymous_4)
FNDA:0,(anonymous_5)
FNDA:4,(anonymous_6)
FNDA:0,(anonymous_7)
FNDA:0,(anonymous_8)
DA:1,1
DA:2,1
DA:3,1
DA:4,1
DA:5,1
DA:6,1
DA:8,1
DA:11,1
DA:12,1
DA:13,1
DA:16,0
DA:17,0
DA:21,1
DA:22,6
DA:23,6
DA:36,1
DA:37,1
DA:40,1
DA:43,0
DA:44,0
DA:48,4
DA:58,0
DA:60,0
DA:61,0
DA:63,0
DA:64,0
DA:66,0
DA:67,0
DA:69,0
DA:70,0
DA:72,0
DA:75,1
DA:82,0
DA:83,0
DA:84,0
DA:88,1
LF:36
LH:19
BRDA:22,0,0,6
BRDA:22,0,1,0
BRDA:58,1,0,0
BRDA:58,1,1,0
BRDA:58,1,2,0
BRDA:58,1,3,0
BRDA:58,1,4,0
BRDA:83,2,0,0
BRDA:83,2,1,0
BRF:9
BRH:1
end_of_record
TN:
SF:JS-Files\createBAccountP.js
FN:14,(anonymous_0)
FN:20,(anonymous_1)
FN:28,(anonymous_2)
FN:33,(anonymous_3)
FN:36,(anonymous_4)
FN:39,(anonymous_5)
FN:42,(anonymous_6)
FN:45,(anonymous_7)
FN:51,(anonymous_8)
FN:66,(anonymous_9)
FN:69,(anonymous_10)
FN:76,(anonymous_11)
FN:90,(anonymous_12)
FN:98,(anonymous_13)
FN:127,(anonymous_14)
FN:140,(anonymous_15)
FNF:16
FNH:10
FNDA:3,(anonymous_0)
FNDA:3,(anonymous_1)
FNDA:6,(anonymous_2)
FNDA:3,(anonymous_3)
FNDA:3,(anonymous_4)
FNDA:3,(anonymous_5)
FNDA:3,(anonymous_6)
FNDA:0,(anonymous_7)
FNDA:3,(anonymous_8)
FNDA:0,(anonymous_9)
FNDA:0,(anonymous_10)
FNDA:0,(anonymous_11)
FNDA:4,(anonymous_12)
FNDA:0,(anonymous_13)
FNDA:4,(anonymous_14)
FNDA:0,(anonymous_15)
DA:1,1
DA:2,1
DA:3,1
DA:4,1
DA:5,1
DA:7,1
DA:8,1
DA:9,1
DA:10,1
DA:11,1
DA:12,1
DA:13,1
DA:15,3
DA:16,1
DA:18,2
DA:19,2
DA:20,2
DA:21,3
DA:22,3
DA:25,2
DA:29,6
DA:30,6
DA:34,3
DA:37,3
DA:40,3
DA:43,3
DA:47,0
DA:49,0
DA:52,3
DA:53,3
DA:54,3
DA:55,3
DA:56,3
DA:57,1
DA:63,1
DA:67,0
DA:70,0
DA:77,0
DA:78,0
DA:79,0
DA:80,0
DA:84,0
DA:86,0
DA:91,4
DA:99,0
DA:105,0
DA:106,0
DA:108,0
DA:109,0
DA:111,0
DA:112,0
DA:114,0
DA:115,0
DA:117,0
DA:118,0
DA:120,0
DA:121,0
DA:123,0
DA:128,4
DA:130,0
DA:131,0
DA:133,1
DA:134,1
DA:136,3
DA:141,0
DA:142,0
DA:143,0
DA:147,1
LF:68
LH:39
BRDA:15,0,0,1
BRDA:15,0,1,2
BRDA:15,1,0,3
BRDA:15,1,1,2
BRDA:15,1,2,2
BRDA:22,2,0,1
BRDA:22,2,1,2
BRDA:56,3,0,1
BRDA:56,3,1,2
BRDA:67,4,0,0
BRDA:67,4,1,0
BRDA:67,4,2,0
BRDA:71,5,0,0
BRDA:71,5,1,0
BRDA:71,5,2,0
BRDA:80,6,0,0
BRDA:80,6,1,0
BRDA:81,7,0,0
BRDA:81,7,1,0
BRDA:106,8,0,0
BRDA:106,8,1,0
BRDA:106,8,2,0
BRDA:106,8,3,0
BRDA:106,8,4,0
BRDA:106,8,5,0
BRDA:128,9,0,0
BRDA:128,9,1,1
BRDA:128,9,2,3
BRDA:142,10,0,0
BRDA:142,10,1,0
BRF:30
BRH:11
end_of_record
TN:
SF:JS-Files\eventBudgeting.js
FN:9,(anonymous_0)
FN:27,(anonymous_1)
FNF:2
FNH:2
FNDA:1,(anonymous_0)
FNDA:2,(anonymous_1)
DA:1,1
DA:2,1
DA:3,1
DA:4,1
DA:5,1
DA:6,1
DA:7,1
DA:10,1
DA:15,1
DA:17,1
DA:18,0
DA:20,1
DA:22,1
DA:23,1
DA:27,1
DA:28,2
DA:29,2
DA:30,1
DA:31,1
DA:34,1
DA:35,1
DA:36,1
DA:38,0
DA:43,1
LF:24
LH:22
BRDA:17,0,0,0
BRDA:17,0,1,1
BRDA:29,1,0,1
BRDA:29,1,1,1
BRDA:34,2,0,1
BRDA:34,2,1,0
BRF:6
BRH:4
end_of_record
TN:
SF:JS-Files\loginP.js
FN:23,(anonymous_0)
FN:29,(anonymous_1)
FN:44,(anonymous_2)
FN:66,(anonymous_3)
FN:88,(anonymous_4)
FN:121,(anonymous_5)
FN:126,(anonymous_6)
FN:130,(anonymous_7)
FN:134,(anonymous_8)
FN:137,(anonymous_9)
FN:141,(anonymous_10)
FN:144,(anonymous_11)
FN:147,(anonymous_12)
FN:150,(anonymous_13)
FN:153,(anonymous_14)
FN:157,(anonymous_15)
FN:160,(anonymous_16)
FN:164,(anonymous_17)
FNF:18
FNH:7
FNDA:0,(anonymous_0)
FNDA:0,(anonymous_1)
FNDA:0,(anonymous_2)
FNDA:26,(anonymous_3)
FNDA:21,(anonymous_4)
FNDA:2,(anonymous_5)
FNDA:2,(anonymous_6)
FNDA:1,(anonymous_7)
FNDA:19,(anonymous_8)
FNDA:0,(anonymous_9)
FNDA:0,(anonymous_10)
FNDA:1,(anonymous_11)
FNDA:0,(anonymous_12)
FNDA:0,(anonymous_13)
FNDA:0,(anonymous_14)
FNDA:0,(anonymous_15)
FNDA:0,(anonymous_16)
FNDA:0,(anonymous_17)
DA:1,1
DA:2,1
DA:3,1
DA:4,1
DA:5,1
DA:8,1
DA:10,1
DA:11,1
DA:13,1
DA:15,1
DA:20,1
DA:21,1
DA:24,0
DA:30,0
DA:31,0
DA:33,0
DA:34,0
DA:36,0
DA:37,0
DA:39,0
DA:40,0
DA:45,0
DA:46,0
DA:47,0
DA:48,0
DA:49,0
DA:50,0
DA:51,0
DA:52,0
DA:53,0
DA:54,0
DA:55,0
DA:56,0
DA:58,1
DA:67,26
DA:69,0
DA:70,0
DA:72,19
DA:73,19
DA:75,0
DA:76,0
DA:78,2
DA:79,2
DA:81,2
DA:82,2
DA:84,3
DA:89,21
DA:90,21
DA:91,21
DA:92,21
DA:93,21
DA:95,21
DA:96,2
DA:97,1
DA:98,1
DA:99,1
DA:101,1
DA:102,1
DA:103,1
DA:105,0
DA:106,0
DA:107,0
DA:109,0
DA:110,0
DA:113,1
DA:116,19
DA:118,21
DA:122,2
DA:123,2
DA:127,2
DA:128,2
DA:131,1
DA:132,1
DA:135,19
DA:138,0
DA:142,0
DA:145,1
DA:148,0
DA:151,0
DA:154,0
DA:158,0
DA:161,0
DA:165,0
DA:166,0
DA:167,0
DA:171,1
LF:86
LH:46
BRDA:31,0,0,0
BRDA:31,0,1,0
BRDA:31,0,2,0
BRDA:67,1,0,0
BRDA:67,1,1,19
BRDA:67,1,2,0
BRDA:67,1,3,2
BRDA:67,1,4,2
BRDA:67,1,5,3
BRDA:95,2,0,2
BRDA:95,2,1,19
BRDA:96,3,0,1
BRDA:96,3,1,1
BRDA:99,4,0,1
BRDA:99,4,1,0
BRDA:99,4,2,0
BRDA:166,5,0,0
BRDA:166,5,1,0
BRF:18
BRH:9
end_of_record
TN:
SF:JS-Files\myAccountP.js
FN:17,(anonymous_0)
FN:23,(anonymous_1)
FN:31,(anonymous_2)
FN:35,(anonymous_3)
FN:38,(anonymous_4)
FN:45,(anonymous_5)
FN:61,(anonymous_6)
FN:66,(anonymous_7)
FN:76,(anonymous_8)
FN:95,(anonymous_9)
FNF:10
FNH:7
FNDA:0,(anonymous_0)
FNDA:1,(anonymous_1)
FNDA:1,(anonymous_2)
FNDA:8,(anonymous_3)
FNDA:8,(anonymous_4)
FNDA:4,(anonymous_5)
FNDA:6,(anonymous_6)
FNDA:0,(anonymous_7)
FNDA:3,(anonymous_8)
FNDA:0,(anonymous_9)
DA:1,1
DA:2,1
DA:3,1
DA:4,1
DA:5,1
DA:7,1
DA:8,1
DA:9,1
DA:11,1
DA:18,0
DA:19,0
DA:20,0
DA:24,1
DA:25,1
DA:26,1
DA:28,1
DA:32,1
DA:33,1
DA:36,8
DA:37,8
DA:38,4
DA:39,8
DA:40,0
DA:43,4
DA:46,4
DA:47,4
DA:48,4
DA:49,4
DA:50,0
DA:51,0
DA:52,0
DA:53,4
DA:54,2
DA:55,2
DA:56,2
DA:58,2
DA:62,6
DA:63,6
DA:67,0
DA:77,3
DA:79,0
DA:80,0
DA:82,0
DA:83,0
DA:85,0
DA:86,0
DA:87,0
DA:89,0
DA:90,0
DA:92,3
DA:96,0
DA:97,0
DA:98,0
DA:99,0
DA:103,1
LF:55
LH:34
BRDA:37,0,0,4
BRDA:37,0,1,4
BRDA:37,1,0,8
BRDA:37,1,1,6
BRDA:37,1,2,6
BRDA:39,2,0,0
BRDA:39,2,1,8
BRDA:49,3,0,0
BRDA:49,3,1,4
BRDA:53,4,0,2
BRDA:53,4,1,2
BRDA:53,5,0,4
BRDA:53,5,1,3
BRDA:53,5,2,3
BRDA:77,6,0,0
BRDA:77,6,1,0
BRDA:77,6,2,0
BRDA:77,6,3,0
BRDA:77,6,4,3
BRDA:98,7,0,0
BRDA:98,7,1,0
BRF:21
BRH:13
end_of_record
TN:
SF:JS-Files\ourDataBase.js
FN:41,(anonymous_0)
FN:44,(anonymous_1)
FN:83,(anonymous_2)
FN:98,(anonymous_3)
FN:113,(anonymous_4)
FN:131,(anonymous_5)
FN:151,(anonymous_6)
FN:165,(anonymous_7)
FN:182,(anonymous_8)
FN:200,(anonymous_9)
FNF:10
FNH:7
FNDA:0,(anonymous_0)
FNDA:10,(anonymous_1)
FNDA:12,(anonymous_2)
FNDA:23,(anonymous_3)
FNDA:62,(anonymous_4)
FNDA:23,(anonymous_5)
FNDA:11,(anonymous_6)
FNDA:0,(anonymous_7)
FNDA:2,(anonymous_8)
FNDA:0,(anonymous_9)
DA:1,1
DA:4,1
DA:8,1
DA:12,1
DA:17,1
DA:27,1
DA:37,1
DA:38,1
DA:39,1
DA:40,1
DA:42,0
DA:45,10
DA:47,10
DA:48,10
DA:49,10
DA:50,10
DA:51,10
DA:54,10
DA:55,10
DA:56,10
DA:57,20
DA:59,10
DA:60,10
DA:61,20
DA:62,10
DA:63,10
DA:64,10
DA:65,10
DA:66,20
DA:68,10
DA:69,10
DA:70,60
DA:75,10
DA:76,10
DA:77,10
DA:79,0
DA:85,12
DA:86,7
DA:87,5
DA:93,5
DA:100,23
DA:110,23
DA:115,62
DA:116,0
DA:118,62
DA:127,62
DA:133,23
DA:134,0
DA:136,23
DA:147,23
DA:152,11
DA:153,1
DA:155,11
DA:162,11
DA:167,0
DA:168,0
DA:169,0
DA:170,0
DA:171,0
DA:172,0
DA:173,0
DA:174,0
DA:175,0
DA:177,0
DA:178,0
DA:179,0
DA:184,2
DA:185,2
DA:186,2
DA:187,0
DA:189,2
DA:190,2
DA:191,2
DA:192,2
DA:193,2
DA:194,2
DA:195,2
DA:196,2
DA:197,2
DA:201,0
DA:202,0
DA:203,0
DA:204,0
DA:206,0
DA:207,0
DA:208,0
DA:209,0
DA:210,0
DA:211,0
DA:212,0
DA:218,1
LF:91
LH:63
BRDA:85,0,0,7
BRDA:85,0,1,5
BRDA:85,1,0,12
BRDA:85,1,1,7
BRDA:115,2,0,0
BRDA:115,2,1,62
BRDA:133,3,0,0
BRDA:133,3,1,23
BRDA:152,4,0,1
BRDA:152,4,1,10
BRDA:167,5,0,0
BRDA:167,5,1,0
BRDA:170,6,0,0
BRDA:170,6,1,0
BRDA:172,7,0,0
BRDA:172,7,1,0
BRDA:173,8,0,0
BRDA:173,8,1,0
BRDA:174,9,0,0
BRDA:174,9,1,0
BRDA:184,10,0,2
BRDA:184,10,1,0
BRDA:186,11,0,0
BRDA:186,11,1,2
BRDA:189,12,0,2
BRDA:189,12,1,0
BRDA:189,13,0,2
BRDA:189,13,1,2
BRDA:190,14,0,1
BRDA:190,14,1,1
BRDA:190,15,0,2
BRDA:190,15,1,2
BRDA:191,16,0,2
BRDA:191,16,1,0
BRDA:191,17,0,2
BRDA:191,17,1,2
BRDA:192,18,0,1
BRDA:192,18,1,1
BRDA:192,19,0,2
BRDA:192,19,1,1
BRDA:193,20,0,2
BRDA:193,20,1,0
BRDA:193,21,0,2
BRDA:193,21,1,2
BRDA:194,22,0,2
BRDA:194,22,1,0
BRDA:194,23,0,2
BRDA:194,23,1,2
BRDA:195,24,0,2
BRDA:195,24,1,0
BRDA:195,25,0,2
BRDA:195,25,1,2
BRDA:196,26,0,2
BRDA:196,26,1,0
BRDA:196,27,0,2
BRDA:196,27,1,2
BRDA:201,28,0,0
BRDA:201,28,1,0
BRDA:203,29,0,0
BRDA:203,29,1,0
BRDA:207,30,0,0
BRDA:207,30,1,0
BRDA:208,31,0,0
BRDA:208,31,1,0
BRDA:209,32,0,0
BRDA:209,32,1,0
BRDA:210,33,0,0
BRDA:210,33,1,0
BRDA:211,34,0,0
BRDA:211,34,1,0
BRF:70
BRH:36
end_of_record
TN:
SF:JS-Files\printData.js
FN:2,(anonymous_0)
FN:5,(anonymous_1)
FN:14,(anonymous_2)
FN:17,(anonymous_3)
FN:29,(anonymous_4)
FN:32,(anonymous_5)
FN:46,(anonymous_6)
FN:49,(anonymous_7)
FN:61,(anonymous_8)
FN:64,(anonymous_9)
FN:73,(anonymous_10)
FN:76,(anonymous_11)
FN:86,(anonymous_12)
FN:90,(anonymous_13)
FN:94,(anonymous_14)
FNF:15
FNH:9
FNDA:0,(anonymous_0)
FNDA:0,(anonymous_1)
FNDA:5,(anonymous_2)
FNDA:13,(anonymous_3)
FNDA:1,(anonymous_4)
FNDA:2,(anonymous_5)
FNDA:0,(anonymous_6)
FNDA:0,(anonymous_7)
FNDA:0,(anonymous_8)
FNDA:0,(anonymous_9)
FNDA:1,(anonymous_10)
FNDA:1,(anonymous_11)
FNDA:1,(anonymous_12)
FNDA:2,(anonymous_13)
FNDA:2,(anonymous_14)
DA:3,0
DA:5,0
DA:11,0
DA:15,5
DA:17,13
DA:26,5
DA:30,1
DA:32,2
DA:43,1
DA:47,0
DA:49,0
DA:58,0
DA:62,0
DA:64,0
DA:70,0
DA:74,1
DA:76,1
DA:83,1
DA:89,1
DA:90,1
DA:91,2
DA:92,2
DA:93,1
DA:94,1
DA:95,2
DA:96,1
DA:100,1
DA:110,1
DA:111,0
DA:112,0
DA:114,1
DA:118,1
LF:32
LH:21
BRDA:92,0,0,1
BRDA:92,0,1,1
BRDA:95,1,0,1
BRDA:95,1,1,1
BRDA:110,2,0,0
BRDA:110,2,1,1
BRF:6
BRH:5
end_of_record
TN:
SF:JS-Files\profileP.js
FN:7,isDateInRange
FN:26,(anonymous_1)
FN:34,(anonymous_2)
FN:57,(anonymous_3)
FN:60,(anonymous_4)
FN:62,(anonymous_5)
FN:81,(anonymous_6)
FN:85,(anonymous_7)
FN:88,(anonymous_8)
FN:137,(anonymous_9)
FN:140,(anonymous_10)
FN:151,(anonymous_11)
FN:177,(anonymous_12)
FNF:13
FNH:10
FNDA:0,isDateInRange
FNDA:0,(anonymous_1)
FNDA:0,(anonymous_2)
FNDA:2,(anonymous_3)
FNDA:2,(anonymous_4)
FNDA:12,(anonymous_5)
FNDA:2,(anonymous_6)
FNDA:2,(anonymous_7)
FNDA:12,(anonymous_8)
FNDA:2,(anonymous_9)
FNDA:5,(anonymous_10)
FNDA:8,(anonymous_11)
FNDA:3,(anonymous_12)
DA:1,1
DA:2,1
DA:3,1
DA:4,1
DA:5,1
DA:8,0
DA:9,0
DA:10,0
DA:12,0
DA:16,1
DA:17,1
DA:18,1
DA:19,1
DA:20,1
DA:21,1
DA:22,1
DA:23,1
DA:24,1
DA:27,0
DA:28,0
DA:29,0
DA:30,0
DA:31,0
DA:35,0
DA:36,0
DA:37,0
DA:38,0
DA:40,0
DA:41,0
DA:43,0
DA:44,0
DA:46,0
DA:47,0
DA:49,0
DA:50,0
DA:52,0
DA:53,0
DA:55,0
DA:58,2
DA:61,2
DA:62,2
DA:63,12
DA:69,0
DA:82,2
DA:83,2
DA:86,2
DA:88,2
DA:89,12
DA:90,0
DA:91,0
DA:92,0
DA:93,0
DA:95,0
DA:96,0
DA:98,0
DA:99,0
DA:101,0
DA:102,0
DA:104,0
DA:105,0
DA:107,0
DA:109,0
DA:110,0
DA:121,0
DA:122,0
DA:138,2
DA:141,5
DA:142,5
DA:152,8
DA:154,1
DA:155,1
DA:157,1
DA:158,1
DA:159,1
DA:161,1
DA:162,1
DA:163,1
DA:165,1
DA:166,1
DA:167,1
DA:169,1
DA:170,1
DA:171,1
DA:173,3
DA:174,3
DA:178,3
DA:181,1
LF:87
LH:45
BRDA:12,0,0,0
BRDA:12,0,1,0
BRDA:38,1,0,0
BRDA:38,1,1,0
BRDA:38,1,2,0
BRDA:38,1,3,0
BRDA:38,1,4,0
BRDA:63,2,0,0
BRDA:63,2,1,12
BRDA:64,3,0,12
BRDA:64,3,1,12
BRDA:64,3,2,12
BRDA:64,3,3,0
BRDA:89,4,0,0
BRDA:89,4,1,12
BRDA:109,5,0,0
BRDA:109,5,1,0
BRDA:121,6,0,0
BRDA:121,6,1,0
BRDA:152,7,0,1
BRDA:152,7,1,1
BRDA:152,7,2,1
BRDA:152,7,3,1
BRDA:152,7,4,1
BRDA:152,7,5,3
BRF:25
BRH:11
end_of_record
TN:
SF:JS-Files\regP.js
FN:23,(anonymous_0)
FN:31,(anonymous_1)
FN:35,(anonymous_2)
FN:50,(anonymous_3)
FN:74,(anonymous_4)
FN:84,(anonymous_5)
FN:88,(anonymous_6)
FN:92,(anonymous_7)
FN:97,(anonymous_8)
FN:118,(anonymous_9)
FN:131,(anonymous_10)
FN:137,(anonymous_11)
FN:142,(anonymous_12)
FN:147,(anonymous_13)
FN:163,(anonymous_14)
FN:168,(anonymous_15)
FNF:16
FNH:11
FNDA:20,(anonymous_0)
FNDA:24,(anonymous_1)
FNDA:20,(anonymous_2)
FNDA:20,(anonymous_3)
FNDA:42,(anonymous_4)
FNDA:20,(anonymous_5)
FNDA:20,(anonymous_6)
FNDA:20,(anonymous_7)
FNDA:0,(anonymous_8)
FNDA:0,(anonymous_9)
FNDA:0,(anonymous_10)
FNDA:2,(anonymous_11)
FNDA:1,(anonymous_12)
FNDA:1,(anonymous_13)
FNDA:0,(anonymous_14)
FNDA:0,(anonymous_15)
DA:1,1
DA:2,1
DA:3,1
DA:4,1
DA:5,1
DA:7,1
DA:8,1
DA:9,1
DA:10,1
DA:12,1
DA:14,1
DA:20,1
DA:21,1
DA:24,20
DA:25,12
DA:27,8
DA:28,8
DA:32,24
DA:36,20
DA:41,3
DA:42,17
DA:43,7
DA:44,7
DA:46,10
DA:47,10
DA:51,20
DA:52,20
DA:53,20
DA:54,20
DA:55,20
DA:56,20
DA:63,8
DA:64,12
DA:65,0
DA:70,0
DA:75,42
DA:76,42
DA:77,42
DA:78,42
DA:79,12
DA:80,12
DA:82,42
DA:85,20
DA:86,20
DA:89,20
DA:90,20
DA:93,20
DA:94,20
DA:99,0
DA:100,0
DA:101,0
DA:103,0
DA:108,0
DA:109,0
DA:110,0
DA:111,0
DA:112,0
DA:113,0
DA:119,0
DA:122,0
DA:123,0
DA:125,0
DA:126,0
DA:128,0
DA:132,0
DA:138,2
DA:139,2
DA:143,1
DA:144,1
DA:148,1
DA:150,0
DA:151,0
DA:153,0
DA:154,0
DA:156,1
DA:157,1
DA:159,0
DA:164,0
DA:165,0
DA:166,0
DA:169,0
DA:176,1
LF:82
LH:54
BRDA:24,0,0,12
BRDA:24,0,1,8
BRDA:36,1,0,3
BRDA:36,1,1,17
BRDA:37,2,0,20
BRDA:37,2,1,10
BRDA:37,2,2,7
BRDA:42,3,0,7
BRDA:42,3,1,10
BRDA:56,4,0,8
BRDA:56,4,1,12
BRDA:57,5,0,20
BRDA:57,5,1,11
BRDA:57,5,2,8
BRDA:57,5,3,8
BRDA:57,5,4,8
BRDA:64,6,0,0
BRDA:64,6,1,12
BRDA:78,7,0,12
BRDA:78,7,1,30
BRDA:78,8,0,42
BRDA:78,8,1,15
BRDA:78,8,2,13
BRDA:103,9,0,0
BRDA:103,9,1,0
BRDA:104,10,0,0
BRDA:104,10,1,0
BRDA:104,10,2,0
BRDA:119,11,0,0
BRDA:119,11,1,0
BRDA:119,11,2,0
BRDA:148,12,0,0
BRDA:148,12,1,0
BRDA:148,12,2,1
BRDA:148,12,3,0
BRDA:165,13,0,0
BRDA:165,13,1,0
BRF:37
BRH:23
end_of_record
TN:
SF:JS-Files\startP.js
FN:11,(anonymous_0)
FN:18,(anonymous_1)
FN:21,(anonymous_2)
FN:24,(anonymous_3)
FN:27,(anonymous_4)
FN:32,(anonymous_5)
FNF:6
FNH:4
FNDA:0,(anonymous_0)
FNDA:2,(anonymous_1)
FNDA:1,(anonymous_2)
FNDA:1,(anonymous_3)
FNDA:0,(anonymous_4)
FNDA:6,(anonymous_5)
DA:1,1
DA:2,1
DA:4,1
DA:5,1
DA:6,1
DA:9,1
DA:10,1
DA:12,0
DA:19,2
DA:22,1
DA:25,1
DA:28,0
DA:29,0
DA:30,0
DA:33,6
DA:34,6
DA:36,1
DA:37,1
DA:39,1
DA:40,1
DA:42,1
DA:43,1
DA:45,3
DA:46,3
DA:51,1
LF:25
LH:21
BRDA:29,0,0,0
BRDA:29,0,1,0
BRDA:34,1,0,1
BRDA:34,1,1,1
BRDA:34,1,2,1
BRDA:34,1,3,3
BRF:6
BRH:4
end_of_record
TN:
SF:JS-Files\userP.js
FN:6,(anonymous_0)
FN:10,(anonymous_1)
FN:17,(anonymous_2)
FN:20,(anonymous_3)
FN:23,(anonymous_4)
FN:26,(anonymous_5)
FN:43,(anonymous_6)
FN:49,(anonymous_7)
FNF:8
FNH:6
FNDA:1,(anonymous_0)
FNDA:0,(anonymous_1)
FNDA:1,(anonymous_2)
FNDA:1,(anonymous_3)
FNDA:1,(anonymous_4)
FNDA:6,(anonymous_5)
FNDA:0,(anonymous_6)
FNDA:6,(anonymous_7)
DA:1,1
DA:2,1
DA:4,1
DA:5,1
DA:7,1
DA:8,1
DA:11,0
DA:18,1
DA:21,1
DA:24,1
DA:27,6
DA:29,1
DA:30,1
DA:32,1
DA:33,1
DA:35,1
DA:36,1
DA:38,3
DA:39,3
DA:44,0
DA:45,0
DA:46,0
DA:50,6
DA:54,1
LF:24
LH:20
BRDA:27,0,0,1
BRDA:27,0,1,1
BRDA:27,0,2,1
BRDA:27,0,3,3
BRDA:45,1,0,0
BRDA:45,1,1,0
BRF:6
BRH:4
end_of_record
TN:
SF:JS-Files\venue.js
FN:20,(anonymous_0)
FN:28,(anonymous_1)
FN:32,(anonymous_2)
FN:35,(anonymous_3)
FN:38,(anonymous_4)
FN:49,(anonymous_5)
FN:107,(anonymous_6)
FN:121,(anonymous_7)
FN:125,(anonymous_8)
FN:157,(anonymous_9)
FN:174,(anonymous_10)
FN:177,(anonymous_11)
FN:184,(anonymous_12)
FN:187,(anonymous_13)
FN:194,(anonymous_14)
FN:197,(anonymous_15)
FN:204,(anonymous_16)
FN:207,(anonymous_17)
FN:214,(anonymous_18)
FN:232,(anonymous_19)
FN:249,(anonymous_20)
FN:283,(anonymous_21)
FN:300,(anonymous_22)
FN:310,(anonymous_23)
FNF:24
FNH:11
FNDA:7,(anonymous_0)
FNDA:0,(anonymous_1)
FNDA:2,(anonymous_2)
FNDA:0,(anonymous_3)
FNDA:0,(anonymous_4)
FNDA:3,(anonymous_5)
FNDA:70,(anonymous_6)
FNDA:3,(anonymous_7)
FNDA:2,(anonymous_8)
FNDA:4,(anonymous_9)
FNDA:0,(anonymous_10)
FNDA:0,(anonymous_11)
FNDA:0,(anonymous_12)
FNDA:0,(anonymous_13)
FNDA:0,(anonymous_14)
FNDA:0,(anonymous_15)
FNDA:0,(anonymous_16)
FNDA:0,(anonymous_17)
FNDA:0,(anonymous_18)
FNDA:2,(anonymous_19)
FNDA:13,(anonymous_20)
FNDA:2,(anonymous_21)
FNDA:2,(anonymous_22)
FNDA:0,(anonymous_23)
DA:1,1
DA:2,1
DA:3,1
DA:4,1
DA:5,1
DA:6,1
DA:8,1
DA:10,1
DA:11,1
DA:12,1
DA:21,7
DA:29,0
DA:30,0
DA:33,2
DA:36,0
DA:39,0
DA:50,3
DA:52,0
DA:53,0
DA:55,0
DA:56,0
DA:57,0
DA:59,0
DA:60,0
DA:61,0
DA:62,0
DA:63,0
DA:64,0
DA:67,0
DA:69,0
DA:78,0
DA:80,0
DA:81,0
DA:84,0
DA:87,0
DA:90,0
DA:93,0
DA:101,0
DA:103,0
DA:104,0
DA:108,70
DA:109,70
DA:110,60
DA:112,6
DA:114,64
DA:115,64
DA:116,408
DA:117,408
DA:119,64
DA:122,3
DA:126,2
DA:127,2
DA:129,2
DA:130,0
DA:131,0
DA:132,0
DA:133,0
DA:135,0
DA:147,2
DA:149,2
DA:150,0
DA:152,2
DA:153,0
DA:155,2
DA:157,2
DA:158,4
DA:171,2
DA:172,2
DA:175,0
DA:177,0
DA:178,0
DA:179,0
DA:182,0
DA:185,0
DA:187,0
DA:188,0
DA:189,0
DA:192,0
DA:195,0
DA:197,0
DA:198,0
DA:201,0
DA:205,0
DA:207,0
DA:208,0
DA:211,0
DA:215,0
DA:216,0
DA:218,0
DA:219,0
DA:220,0
DA:221,0
DA:223,0
DA:224,0
DA:225,0
DA:226,0
DA:228,0
DA:233,2
DA:234,2
DA:235,2
DA:236,2
DA:237,2
DA:239,2
DA:240,2
DA:242,2
DA:243,2
DA:245,2
DA:246,2
DA:247,2
DA:249,2
DA:250,13
DA:251,13
DA:252,13
DA:253,13
DA:254,13
DA:255,13
DA:256,13
DA:258,13
DA:259,13
DA:261,13
DA:268,13
DA:276,13
DA:277,13
DA:278,0
DA:280,2
DA:284,2
DA:285,2
DA:286,2
DA:287,2
DA:296,2
DA:301,2
DA:302,2
DA:303,1
DA:304,1
DA:306,1
DA:311,0
DA:312,0
DA:313,0
DA:317,1
LF:139
LH:72
BRDA:36,0,0,0
BRDA:36,0,1,0
BRDA:36,0,2,0
BRDA:40,1,0,0
BRDA:40,1,1,0
BRDA:40,1,2,0
BRDA:40,1,3,0
BRDA:40,1,4,0
BRDA:40,1,5,0
BRDA:50,2,0,0
BRDA:50,2,1,0
BRDA:50,2,2,0
BRDA:50,2,3,0
BRDA:50,2,4,0
BRDA:107,3,0,66
BRDA:109,4,0,6
BRDA:109,4,1,64
BRDA:129,5,0,0
BRDA:129,5,1,2
BRDA:147,6,0,0
BRDA:147,6,1,2
BRDA:149,7,0,0
BRDA:149,7,1,2
BRDA:152,8,0,0
BRDA:152,8,1,2
BRDA:155,9,0,0
BRDA:155,9,1,2
BRDA:178,10,0,0
BRDA:178,10,1,0
BRDA:188,11,0,0
BRDA:188,11,1,0
BRDA:198,12,0,0
BRDA:198,12,1,0
BRDA:208,13,0,0
BRDA:208,13,1,0
BRDA:218,14,0,0
BRDA:218,14,1,0
BRDA:220,15,0,0
BRDA:220,15,1,0
BRDA:223,16,0,0
BRDA:223,16,1,0
BRDA:225,17,0,0
BRDA:225,17,1,0
BRDA:276,18,0,0
BRDA:276,18,1,13
BRDA:276,19,0,13
BRDA:276,19,1,0
BRDA:277,20,0,0
BRDA:277,20,1,13
BRDA:277,21,0,13
BRDA:277,21,1,0
BRDA:285,22,0,2
BRDA:285,22,1,0
BRDA:302,23,0,1
BRDA:302,23,1,1
BRDA:312,24,0,0
BRDA:312,24,1,0
BRF:57
BRH:15
end_of_record
TN:
SF:features\businessAccount.js
FN:8,(anonymous_0)
FN:13,(anonymous_1)
FN:18,(anonymous_2)
FN:22,(anonymous_3)
FN:26,(anonymous_4)
FN:32,(anonymous_5)
FN:38,(anonymous_6)
FN:44,(anonymous_7)
FN:50,(anonymous_8)
FNF:9
FNH:9
FNDA:7,(anonymous_0)
FNDA:3,(anonymous_1)
FNDA:1,(anonymous_2)
FNDA:1,(anonymous_3)
FNDA:1,(anonymous_4)
FNDA:2,(anonymous_5)
FNDA:1,(anonymous_6)
FNDA:3,(anonymous_7)
FNDA:1,(anonymous_8)
DA:1,1
DA:2,1
DA:3,1
DA:4,1
DA:5,1
DA:6,1
DA:8,1
DA:9,7
DA:10,7
DA:13,1
DA:14,3
DA:15,3
DA:18,1
DA:19,1
DA:22,1
DA:23,1
DA:26,1
DA:27,1
DA:30,1
DA:33,2
DA:36,1
DA:39,1
DA:40,1
DA:44,1
DA:45,3
DA:48,1
DA:51,1
LF:27
LH:27
BRF:0
BRH:0
end_of_record
TN:
SF:features\createBA.js
FN:9,(anonymous_0)
FN:13,(anonymous_1)
FN:17,(anonymous_2)
FN:25,(anonymous_3)
FN:29,(anonymous_4)
FN:37,(anonymous_5)
FN:47,(anonymous_6)
FN:53,(anonymous_7)
FN:59,(anonymous_8)
FN:65,(anonymous_9)
FN:70,(anonymous_10)
FNF:11
FNH:11
FNDA:7,(anonymous_0)
FNDA:3,(anonymous_1)
FNDA:1,(anonymous_2)
FNDA:3,(anonymous_3)
FNDA:1,(anonymous_4)
FNDA:1,(anonymous_5)
FNDA:2,(anonymous_6)
FNDA:3,(anonymous_7)
FNDA:1,(anonymous_8)
FNDA:1,(anonymous_9)
FNDA:2,(anonymous_10)
DA:1,1
DA:2,1
DA:3,1
DA:4,1
DA:5,1
DA:6,1
DA:7,1
DA:9,1
DA:10,7
DA:11,7
DA:13,1
DA:14,3
DA:17,1
DA:18,1
DA:19,1
DA:20,1
DA:21,1
DA:22,1
DA:25,1
DA:26,3
DA:29,1
DA:30,1
DA:31,1
DA:32,1
DA:33,1
DA:34,1
DA:37,1
DA:38,1
DA:39,1
DA:40,1
DA:41,1
DA:42,1
DA:45,1
DA:48,2
DA:49,2
DA:53,1
DA:54,3
DA:57,1
DA:60,1
DA:61,1
DA:65,1
DA:66,1
DA:67,1
DA:70,1
DA:71,2
LF:45
LH:45
BRF:0
BRH:0
end_of_record
TN:
SF:features\event.js
FN:8,(anonymous_0)
FN:13,(anonymous_1)
FN:18,(anonymous_2)
FN:32,(anonymous_3)
FN:37,(anonymous_4)
FN:51,(anonymous_5)
FN:65,(anonymous_6)
FN:79,(anonymous_7)
FN:93,(anonymous_8)
FN:107,(anonymous_9)
FN:112,(anonymous_10)
FN:116,(anonymous_11)
FN:121,(anonymous_12)
FN:127,(anonymous_13)
FN:134,(anonymous_14)
FNF:15
FNH:15
FNDA:12,(anonymous_0)
FNDA:8,(anonymous_1)
FNDA:1,(anonymous_2)
FNDA:11,(anonymous_3)
FNDA:1,(anonymous_4)
FNDA:1,(anonymous_5)
FNDA:1,(anonymous_6)
FNDA:1,(anonymous_7)
FNDA:1,(anonymous_8)
FNDA:1,(anonymous_9)
FNDA:1,(anonymous_10)
FNDA:1,(anonymous_11)
FNDA:1,(anonymous_12)
FNDA:2,(anonymous_13)
FNDA:1,(anonymous_14)
DA:1,1
DA:2,1
DA:3,1
DA:4,1
DA:5,1
DA:6,1
DA:8,1
DA:9,12
DA:10,12
DA:13,1
DA:14,8
DA:15,8
DA:18,1
DA:19,1
DA:32,1
DA:33,11
DA:34,11
DA:37,1
DA:38,1
DA:51,1
DA:52,1
DA:65,1
DA:66,1
DA:79,1
DA:80,1
DA:93,1
DA:94,1
DA:107,1
DA:108,1
DA:109,1
DA:112,1
DA:113,1
DA:116,1
DA:117,1
DA:119,1
DA:122,1
DA:125,1
DA:128,2
DA:132,1
DA:135,1
LF:40
LH:40
BRF:0
BRH:0
end_of_record
TN:
SF:features\login.js
FN:7,(anonymous_0)
FN:11,(anonymous_1)
FN:17,(anonymous_2)
FN:24,(anonymous_3)
FN:29,(anonymous_4)
FN:33,(anonymous_5)
FN:37,(anonymous_6)
FN:41,(anonymous_7)
FN:45,(anonymous_8)
FN:49,(anonymous_9)
FN:53,(anonymous_10)
FN:57,(anonymous_11)
FN:60,(anonymous_12)
FN:66,(anonymous_13)
FN:71,(anonymous_14)
FN:75,(anonymous_15)
FNF:16
FNH:13
FNDA:25,(anonymous_0)
FNDA:1,(anonymous_1)
FNDA:1,(anonymous_2)
FNDA:19,(anonymous_3)
FNDA:2,(anonymous_4)
FNDA:19,(anonymous_5)
FNDA:19,(anonymous_6)
FNDA:1,(anonymous_7)
FNDA:0,(anonymous_8)
FNDA:1,(anonymous_9)
FNDA:0,(anonymous_10)
FNDA:3,(anonymous_11)
FNDA:2,(anonymous_12)
FNDA:1,(anonymous_13)
FNDA:0,(anonymous_14)
FNDA:7,(anonymous_15)
DA:1,1
DA:2,1
DA:3,1
DA:4,1
DA:5,1
DA:7,1
DA:8,25
DA:11,1
DA:12,1
DA:15,1
DA:18,1
DA:22,1
DA:25,19
DA:29,1
DA:30,2
DA:33,1
DA:34,19
DA:37,1
DA:38,19
DA:41,1
DA:42,1
DA:45,1
DA:46,0
DA:49,1
DA:50,1
DA:53,1
DA:54,0
DA:57,1
DA:58,3
DA:60,1
DA:61,2
DA:64,1
DA:67,1
DA:71,1
DA:72,0
DA:75,1
DA:76,7
LF:37
LH:34
BRF:0
BRH:0
end_of_record
TN:
SF:features\myAccount.js
FN:8,(anonymous_0)
FN:12,(anonymous_1)
FN:16,(anonymous_2)
FN:20,(anonymous_3)
FN:24,(anonymous_4)
FN:28,(anonymous_5)
FN:32,(anonymous_6)
FN:36,(anonymous_7)
FN:40,(anonymous_8)
FN:44,(anonymous_9)
FN:48,(anonymous_10)
FN:52,(anonymous_11)
FN:58,(anonymous_12)
FN:62,(anonymous_13)
FNF:14
FNH:13
FNDA:9,(anonymous_0)
FNDA:6,(anonymous_1)
FNDA:1,(anonymous_2)
FNDA:1,(anonymous_3)
FNDA:1,(anonymous_4)
FNDA:1,(anonymous_5)
FNDA:1,(anonymous_6)
FNDA:1,(anonymous_7)
FNDA:0,(anonymous_8)
FNDA:2,(anonymous_9)
FNDA:6,(anonymous_10)
FNDA:1,(anonymous_11)
FNDA:1,(anonymous_12)
FNDA:5,(anonymous_13)
DA:1,1
DA:2,1
DA:3,1
DA:4,1
DA:5,1
DA:6,1
DA:8,1
DA:9,9
DA:12,1
DA:13,6
DA:16,1
DA:17,1
DA:20,1
DA:21,1
DA:24,1
DA:25,1
DA:28,1
DA:29,1
DA:32,1
DA:33,1
DA:36,1
DA:37,1
DA:40,1
DA:41,0
DA:44,1
DA:45,2
DA:48,1
DA:49,6
DA:52,1
DA:53,1
DA:56,1
DA:59,1
DA:62,1
DA:63,5
LF:34
LH:33
BRF:0
BRH:0
end_of_record
TN:
SF:features\profile.js
FN:8,(anonymous_0)
FN:13,(anonymous_1)
FN:19,(anonymous_2)
FN:23,(anonymous_3)
FN:27,(anonymous_4)
FN:31,(anonymous_5)
FN:35,(anonymous_6)
FN:39,(anonymous_7)
FN:44,(anonymous_8)
FN:48,(anonymous_9)
FN:54,(anonymous_10)
FNF:11
FNH:11
FNDA:8,(anonymous_0)
FNDA:5,(anonymous_1)
FNDA:1,(anonymous_2)
FNDA:1,(anonymous_3)
FNDA:1,(anonymous_4)
FNDA:1,(anonymous_5)
FNDA:1,(anonymous_6)
FNDA:2,(anonymous_7)
FNDA:19,(anonymous_8)
FNDA:3,(anonymous_9)
FNDA:1,(anonymous_10)
DA:1,1
DA:2,1
DA:3,1
DA:4,1
DA:5,1
DA:6,1
DA:8,1
DA:9,8
DA:10,8
DA:13,1
DA:14,5
DA:15,5
DA:16,5
DA:19,1
DA:20,1
DA:23,1
DA:24,1
DA:27,1
DA:28,1
DA:31,1
DA:32,1
DA:35,1
DA:36,1
DA:39,1
DA:40,2
DA:41,2
DA:44,1
DA:45,19
DA:48,1
DA:49,3
DA:52,1
DA:55,1
DA:56,1
LF:33
LH:33
BRF:0
BRH:0
end_of_record
TN:
SF:features\reg.js
FN:8,(anonymous_0)
FN:14,(anonymous_1)
FN:21,(anonymous_2)
FN:25,(anonymous_3)
FN:32,(anonymous_4)
FN:39,(anonymous_5)
FN:48,(anonymous_6)
FN:53,(anonymous_7)
FN:57,(anonymous_8)
FN:61,(anonymous_9)
FN:64,(anonymous_10)
FN:69,(anonymous_11)
FN:73,(anonymous_12)
FN:77,(anonymous_13)
FN:81,(anonymous_14)
FN:86,(anonymous_15)
FN:90,(anonymous_16)
FN:94,(anonymous_17)
FNF:18
FNH:14
FNDA:23,(anonymous_0)
FNDA:1,(anonymous_1)
FNDA:41,(anonymous_2)
FNDA:1,(anonymous_3)
FNDA:18,(anonymous_4)
FNDA:0,(anonymous_5)
FNDA:20,(anonymous_6)
FNDA:20,(anonymous_7)
FNDA:1,(anonymous_8)
FNDA:0,(anonymous_9)
FNDA:1,(anonymous_10)
FNDA:1,(anonymous_11)
FNDA:0,(anonymous_12)
FNDA:1,(anonymous_13)
FNDA:1,(anonymous_14)
FNDA:1,(anonymous_15)
FNDA:1,(anonymous_16)
FNDA:0,(anonymous_17)
DA:1,1
DA:2,1
DA:3,1
DA:4,1
DA:5,1
DA:8,1
DA:9,23
DA:12,1
DA:15,1
DA:16,1
DA:17,1
DA:21,1
DA:22,41
DA:25,1
DA:26,1
DA:27,1
DA:30,1
DA:33,18
DA:34,18
DA:35,18
DA:39,1
DA:40,0
DA:46,1
DA:49,20
DA:53,1
DA:54,20
DA:57,1
DA:58,1
DA:61,1
DA:62,0
DA:64,1
DA:65,1
DA:66,1
DA:69,1
DA:70,1
DA:73,1
DA:74,0
DA:77,1
DA:78,1
DA:81,1
DA:82,1
DA:83,1
DA:86,1
DA:87,1
DA:90,1
DA:91,1
DA:94,1
DA:95,0
LF:48
LH:44
BRF:0
BRH:0
end_of_record
TN:
SF:features\startingPage.js
FN:6,(anonymous_0)
FN:9,(anonymous_1)
FN:14,(anonymous_2)
FN:19,(anonymous_3)
FN:25,(anonymous_4)
FN:29,(anonymous_5)
FN:33,(anonymous_6)
FN:37,(anonymous_7)
FN:41,(anonymous_8)
FNF:9
FNH:9
FNDA:6,(anonymous_0)
FNDA:3,(anonymous_1)
FNDA:1,(anonymous_2)
FNDA:1,(anonymous_3)
FNDA:1,(anonymous_4)
FNDA:2,(anonymous_5)
FNDA:1,(anonymous_6)
FNDA:3,(anonymous_7)
FNDA:3,(anonymous_8)
DA:1,1
DA:2,1
DA:3,1
DA:4,1
DA:6,1
DA:7,6
DA:9,1
DA:11,3
DA:14,1
DA:15,1
DA:19,1
DA:20,1
DA:21,1
DA:25,1
DA:26,1
DA:29,1
DA:31,2
DA:33,1
DA:34,1
DA:37,1
DA:38,3
DA:41,1
DA:42,3
DA:43,3
LF:24
LH:24
BRF:0
BRH:0
end_of_record
TN:
SF:features\user.js
FN:6,(anonymous_0)
FN:10,(anonymous_1)
FN:14,(anonymous_2)
FN:18,(anonymous_3)
FN:22,(anonymous_4)
FN:26,(anonymous_5)
FN:30,(anonymous_6)
FN:34,(anonymous_7)
FN:38,(anonymous_8)
FNF:9
FNH:9
FNDA:6,(anonymous_0)
FNDA:3,(anonymous_1)
FNDA:1,(anonymous_2)
FNDA:1,(anonymous_3)
FNDA:1,(anonymous_4)
FNDA:2,(anonymous_5)
FNDA:1,(anonymous_6)
FNDA:3,(anonymous_7)
FNDA:3,(anonymous_8)
DA:1,1
DA:2,1
DA:3,1
DA:4,1
DA:6,1
DA:7,6
DA:10,1
DA:11,3
DA:14,1
DA:15,1
DA:18,1
DA:19,1
DA:22,1
DA:23,1
DA:26,1
DA:27,2
DA:30,1
DA:31,1
DA:34,1
DA:35,3
DA:38,1
DA:39,3
LF:22
LH:22
BRF:0
BRH:0
end_of_record
TN:
SF:features\venue.js
FN:7,(anonymous_0)
FN:12,(anonymous_1)
FN:17,(anonymous_2)
FN:21,(anonymous_3)
FN:25,(anonymous_4)
FN:29,(anonymous_5)
FN:40,(anonymous_6)
FN:44,(anonymous_7)
FN:50,(anonymous_8)
FN:57,(anonymous_9)
FN:62,(anonymous_10)
FN:67,(anonymous_11)
FN:71,(anonymous_12)
FN:75,(anonymous_13)
FN:77,(anonymous_14)
FN:84,(anonymous_15)
FNF:16
FNH:16
FNDA:12,(anonymous_0)
FNDA:7,(anonymous_1)
FNDA:1,(anonymous_2)
FNDA:11,(anonymous_3)
FNDA:2,(anonymous_4)
FNDA:1,(anonymous_5)
FNDA:7,(anonymous_6)
FNDA:1,(anonymous_7)
FNDA:1,(anonymous_8)
FNDA:1,(anonymous_9)
FNDA:1,(anonymous_10)
FNDA:1,(anonymous_11)
FNDA:1,(anonymous_12)
FNDA:1,(anonymous_13)
FNDA:2,(anonymous_14)
FNDA:1,(anonymous_15)
DA:1,1
DA:2,1
DA:3,1
DA:4,1
DA:5,1
DA:6,1
DA:7,1
DA:8,12
DA:9,12
DA:12,1
DA:13,7
DA:14,7
DA:17,1
DA:18,1
DA:21,1
DA:22,11
DA:25,1
DA:26,2
DA:29,1
DA:30,1
DA:40,1
DA:41,7
DA:44,1
DA:45,1
DA:48,1
DA:51,1
DA:52,1
DA:57,1
DA:58,1
DA:59,1
DA:62,1
DA:63,1
DA:64,1
DA:67,1
DA:68,1
DA:71,1
DA:72,1
DA:75,1
DA:77,1
DA:78,2
DA:79,2
DA:82,1
DA:85,1
DA:86,1
LF:44
LH:44
BRF:0
BRH:0
end_of_record
